{"meta": {"format": 3, "version": "7.13.5", "timestamp": "2026-04-04T20:21:06.143828", "branch_coverage": false, "show_contexts": false}, "files": {"src/agent_loop.py": {"executed_lines": [10, 11, 12, 13, 14, 15, 16, 17, 18, 19, 21, 23, 25, 26, 27, 28, 29, 37, 38, 41, 42, 43, 44, 46, 47, 48, 51, 52, 55, 56, 57, 58, 59, 60, 61, 62, 64, 65, 66, 67, 68, 69, 71, 73, 74, 75, 76, 79, 81, 82, 87, 88, 89, 96, 99, 100, 103, 105, 120, 121, 122, 123, 124, 125, 126, 128, 129, 131, 132, 133, 134, 135, 136, 137, 138, 142, 143, 144, 145, 149, 151, 152, 155, 157, 160, 161, 162, 163, 164, 165, 166, 167, 168, 169, 170, 171, 172, 173, 174, 175, 180, 181, 182, 185, 186, 187, 188, 189, 191, 194, 195, 196, 197, 198, 199, 200, 201, 203, 204, 205, 207, 210, 211, 212, 213, 214, 215, 216, 217, 218, 220, 221, 223, 224, 225, 227, 235, 236, 239, 241, 242, 245, 247, 248, 249, 250, 251, 252, 253, 254, 255, 256, 257, 258, 259, 260, 261, 262, 274, 276, 277, 279, 280, 281, 282, 283, 286, 304, 305, 308, 316, 325, 350, 383, 408, 425, 463, 483, 511, 520, 636, 649], "summary": {"covered_lines": 182, "num_statements": 376, "percent_covered": 48.40425531914894, "percent_covered_display": "48", "missing_lines": 194, "excluded_lines": 0, "percent_statements_covered": 48.40425531914894, "percent_statements_covered_display": "48"}, "missing_lines": [77, 140, 146, 147, 176, 177, 219, 263, 264, 265, 266, 267, 268, 269, 270, 271, 278, 288, 289, 290, 291, 292, 293, 294, 295, 296, 297, 311, 312, 313, 318, 320, 321, 322, 334, 335, 336, 338, 341, 342, 344, 345, 346, 347, 359, 360, 362, 363, 364, 366, 367, 368, 370, 371, 372, 375, 376, 377, 379, 380, 389, 390, 391, 393, 399, 400, 401, 402, 403, 405, 414, 415, 416, 418, 419, 420, 421, 422, 434, 435, 436, 438, 439, 440, 441, 442, 444, 445, 446, 447, 449, 450, 452, 453, 454, 455, 456, 457, 458, 460, 469, 470, 471, 473, 475, 476, 477, 478, 479, 480, 489, 490, 491, 493, 494, 496, 497, 499, 500, 501, 502, 503, 505, 513, 537, 538, 539, 540, 541, 543, 544, 546, 547, 548, 549, 550, 551, 553, 554, 556, 558, 559, 560, 562, 563, 564, 566, 567, 568, 571, 572, 573, 574, 575, 577, 582, 583, 584, 589, 590, 591, 596, 597, 599, 600, 601, 602, 604, 605, 606, 607, 608, 609, 610, 612, 613, 614, 615, 616, 617, 618, 621, 622, 623, 624, 625, 626, 627, 628, 630, 631, 632, 633, 642], "excluded_lines": [], "functions": {"Step.is_complete": {"executed_lines": [48], "summary": {"covered_lines": 1, "num_statements": 1, "percent_covered": 100.0, "percent_covered_display": "100", "missing_lines": 0, "excluded_lines": 0, "percent_statements_covered": 100.0, "percent_statements_covered_display": "100"}, "missing_lines": [], "excluded_lines": [], "start_line": 47}, "Plan.__post_init__": {"executed_lines": [65, 66, 67, 68, 69], "summary": {"covered_lines": 5, "num_statements": 5, "percent_covered": 100.0, "percent_covered_display": "100", "missing_lines": 0, "excluded_lines": 0, "percent_statements_covered": 100.0, "percent_statements_covered_display": "100"}, "missing_lines": [], "excluded_lines": [], "start_line": 64}, "Plan.next_incomplete_step": {"executed_lines": [73, 74, 75, 76], "summary": {"covered_lines": 4, "num_statements": 5, "percent_covered": 80.0, "percent_covered_display": "80", "missing_lines": 1, "excluded_lines": 0, "percent_statements_covered": 80.0, "percent_statements_covered_display": "80"}, "missing_lines": [77], "excluded_lines": [], "start_line": 71}, "Plan.independent_pending_steps": {"executed_lines": [81, 82], "summary": {"covered_lines": 2, "num_statements": 2, "percent_covered": 100.0, "percent_covered_display": "100", "missing_lines": 0, "excluded_lines": 0, "percent_statements_covered": 100.0, "percent_statements_covered_display": "100"}, "missing_lines": [], "excluded_lines": [], "start_line": 79}, "Plan.progress_str": {"executed_lines": [88, 89], "summary": {"covered_lines": 2, "num_statements": 2, "percent_covered": 100.0, "percent_covered_display": "100", "missing_lines": 0, "excluded_lines": 0, "percent_statements_covered": 100.0, "percent_statements_covered_display": "100"}, "missing_lines": [], "excluded_lines": [], "start_line": 87}, "plan_to_markdown": {"executed_lines": [105, 120, 121, 122, 123, 124, 125, 126, 128, 129, 131, 132, 133, 134, 135, 136, 137, 138, 142, 143, 144, 145, 149, 151, 152], "summary": {"covered_lines": 25, "num_statements": 28, "percent_covered": 89.28571428571429, "percent_covered_display": "89", "missing_lines": 3, "excluded_lines": 0, "percent_statements_covered": 89.28571428571429, "percent_statements_covered_display": "89"}, "missing_lines": [140, 146, 147], "excluded_lines": [], "start_line": 103}, "plan_from_markdown": {"executed_lines": [157, 160, 161, 162, 163, 164, 165, 166, 167, 168, 169, 170, 171, 172, 173, 174, 175, 180, 181, 182, 185, 186, 187, 188, 189, 191, 194, 195, 196, 197, 198, 199, 200, 201, 203, 204, 205, 207, 210, 211, 212, 213, 214, 215, 216, 217, 218, 220, 221, 223, 224, 225, 227], "summary": {"covered_lines": 53, "num_statements": 56, "percent_covered": 94.64285714285714, "percent_covered_display": "95", "missing_lines": 3, "excluded_lines": 0, "percent_statements_covered": 94.64285714285714, "percent_statements_covered_display": "95"}, "missing_lines": [176, 177, 219], "excluded_lines": [], "start_line": 155}, "_ensure_dir": {"executed_lines": [236], "summary": {"covered_lines": 1, "num_statements": 1, "percent_covered": 100.0, "percent_covered_display": "100", "missing_lines": 0, "excluded_lines": 0, "percent_statements_covered": 100.0, "percent_statements_covered_display": "100"}, "missing_lines": [], "excluded_lines": [], "start_line": 235}, "_plan_path": {"executed_lines": [241, 242], "summary": {"covered_lines": 2, "num_statements": 2, "percent_covered": 100.0, "percent_covered_display": "100", "missing_lines": 0, "excluded_lines": 0, "percent_statements_covered": 100.0, "percent_statements_covered_display": "100"}, "missing_lines": [], "excluded_lines": [], "start_line": 239}, "save_plan": {"executed_lines": [247, 248, 249, 250, 251, 252, 253, 254, 255, 256, 257, 258, 259, 260, 261, 262], "summary": {"covered_lines": 16, "num_statements": 25, "percent_covered": 64.0, "percent_covered_display": "64", "missing_lines": 9, "excluded_lines": 0, "percent_statements_covered": 64.0, "percent_statements_covered_display": "64"}, "missing_lines": [263, 264, 265, 266, 267, 268, 269, 270, 271], "excluded_lines": [], "start_line": 245}, "load_plan": {"executed_lines": [276, 277, 279, 280, 281, 282, 283], "summary": {"covered_lines": 7, "num_statements": 8, "percent_covered": 87.5, "percent_covered_display": "88", "missing_lines": 1, "excluded_lines": 0, "percent_statements_covered": 87.5, "percent_statements_covered_display": "88"}, "missing_lines": [278], "excluded_lines": [], "start_line": 274}, "list_plans": {"executed_lines": [], "summary": {"covered_lines": 0, "num_statements": 10, "percent_covered": 0.0, "percent_covered_display": "0", "missing_lines": 10, "excluded_lines": 0, "percent_statements_covered": 0.0, "percent_statements_covered_display": "0"}, "missing_lines": [288, 289, 290, 291, 292, 293, 294, 295, 296, 297], "excluded_lines": [], "start_line": 286}, "_get_workers_lock": {"executed_lines": [], "summary": {"covered_lines": 0, "num_statements": 3, "percent_covered": 0.0, "percent_covered_display": "0", "missing_lines": 3, "excluded_lines": 0, "percent_statements_covered": 0.0, "percent_statements_covered_display": "0"}, "missing_lines": [311, 312, 313], "excluded_lines": [], "start_line": 308}, "_make_plan_id": {"executed_lines": [], "summary": {"covered_lines": 0, "num_statements": 4, "percent_covered": 0.0, "percent_covered_display": "0", "missing_lines": 4, "excluded_lines": 0, "percent_statements_covered": 0.0, "percent_statements_covered_display": "0"}, "missing_lines": [318, 320, 321, 322], "excluded_lines": [], "start_line": 316}, "create_plan": {"executed_lines": [], "summary": {"covered_lines": 0, "num_statements": 10, "percent_covered": 0.0, "percent_covered_display": "0", "missing_lines": 10, "excluded_lines": 0, "percent_statements_covered": 0.0, "percent_statements_covered_display": "0"}, "missing_lines": [334, 335, 336, 338, 341, 342, 344, 345, 346, 347], "excluded_lines": [], "start_line": 325}, "update_plan_step": {"executed_lines": [], "summary": {"covered_lines": 0, "num_statements": 16, "percent_covered": 0.0, "percent_covered_display": "0", "missing_lines": 16, "excluded_lines": 0, "percent_statements_covered": 0.0, "percent_statements_covered_display": "0"}, "missing_lines": [359, 360, 362, 363, 364, 366, 367, 368, 370, 371, 372, 375, 376, 377, 379, 380], "excluded_lines": [], "start_line": 350}, "read_plan": {"executed_lines": [], "summary": {"covered_lines": 0, "num_statements": 10, "percent_covered": 0.0, "percent_covered_display": "0", "missing_lines": 10, "excluded_lines": 0, "percent_statements_covered": 0.0, "percent_statements_covered_display": "0"}, "missing_lines": [389, 390, 391, 393, 399, 400, 401, 402, 403, 405], "excluded_lines": [], "start_line": 383}, "list_plans_skill": {"executed_lines": [], "summary": {"covered_lines": 0, "num_statements": 8, "percent_covered": 0.0, "percent_covered_display": "0", "missing_lines": 8, "excluded_lines": 0, "percent_statements_covered": 0.0, "percent_statements_covered_display": "0"}, "missing_lines": [414, 415, 416, 418, 419, 420, 421, 422], "excluded_lines": [], "start_line": 408}, "adjust_plan": {"executed_lines": [], "summary": {"covered_lines": 0, "num_statements": 22, "percent_covered": 0.0, "percent_covered_display": "0", "missing_lines": 22, "excluded_lines": 0, "percent_statements_covered": 0.0, "percent_statements_covered_display": "0"}, "missing_lines": [434, 435, 436, 438, 439, 440, 441, 442, 444, 445, 446, 447, 449, 450, 452, 453, 454, 455, 456, 457, 458, 460], "excluded_lines": [], "start_line": 425}, "cancel_plan": {"executed_lines": [], "summary": {"covered_lines": 0, "num_statements": 10, "percent_covered": 0.0, "percent_covered_display": "0", "missing_lines": 10, "excluded_lines": 0, "percent_statements_covered": 0.0, "percent_statements_covered_display": "0"}, "missing_lines": [469, 470, 471, 473, 475, 476, 477, 478, 479, 480], "excluded_lines": [], "start_line": 463}, "resume_plan": {"executed_lines": [], "summary": {"covered_lines": 0, "num_statements": 13, "percent_covered": 0.0, "percent_covered_display": "0", "missing_lines": 13, "excluded_lines": 0, "percent_statements_covered": 0.0, "percent_statements_covered_display": "0"}, "missing_lines": [489, 490, 491, 493, 494, 496, 497, 499, 500, 501, 502, 503, 505], "excluded_lines": [], "start_line": 483}, "scan_interrupted": {"executed_lines": [], "summary": {"covered_lines": 0, "num_statements": 1, "percent_covered": 0.0, "percent_covered_display": "0", "missing_lines": 1, "excluded_lines": 0, "percent_statements_covered": 0.0, "percent_statements_covered_display": "0"}, "missing_lines": [513], "excluded_lines": [], "start_line": 511}, "execute_plan": {"executed_lines": [], "summary": {"covered_lines": 0, "num_statements": 64, "percent_covered": 0.0, "percent_covered_display": "0", "missing_lines": 64, "excluded_lines": 0, "percent_statements_covered": 0.0, "percent_statements_covered_display": "0"}, "missing_lines": [537, 538, 539, 540, 541, 543, 544, 546, 553, 554, 556, 558, 559, 560, 562, 563, 564, 566, 567, 568, 571, 572, 573, 574, 575, 577, 582, 583, 584, 589, 590, 591, 596, 597, 599, 600, 601, 602, 604, 605, 606, 607, 608, 609, 610, 612, 613, 614, 615, 616, 617, 618, 621, 622, 623, 624, 625, 626, 627, 628, 630, 631, 632, 633], "excluded_lines": [], "start_line": 520}, "execute_plan._post": {"executed_lines": [], "summary": {"covered_lines": 0, "num_statements": 5, "percent_covered": 0.0, "percent_covered_display": "0", "missing_lines": 5, "excluded_lines": 0, "percent_statements_covered": 0.0, "percent_statements_covered_display": "0"}, "missing_lines": [547, 548, 549, 550, 551], "excluded_lines": [], "start_line": 546}, "execute_plan_skill": {"executed_lines": [], "summary": {"covered_lines": 0, "num_statements": 1, "percent_covered": 0.0, "percent_covered_display": "0", "missing_lines": 1, "excluded_lines": 0, "percent_statements_covered": 0.0, "percent_statements_covered_display": "0"}, "missing_lines": [642], "excluded_lines": [], "start_line": 636}, "": {"executed_lines": [10, 11, 12, 13, 14, 15, 16, 17, 18, 19, 21, 23, 25, 26, 27, 28, 29, 37, 38, 41, 42, 43, 44, 46, 47, 51, 52, 55, 56, 57, 58, 59, 60, 61, 62, 64, 71, 79, 87, 96, 99, 100, 103, 155, 235, 239, 245, 274, 286, 304, 305, 308, 316, 325, 350, 383, 408, 425, 463, 483, 511, 520, 636, 649], "summary": {"covered_lines": 64, "num_statements": 64, "percent_covered": 100.0, "percent_covered_display": "100", "missing_lines": 0, "excluded_lines": 0, "percent_statements_covered": 100.0, "percent_statements_covered_display": "100"}, "missing_lines": [], "excluded_lines": [], "start_line": 1}}, "classes": {"Step": {"executed_lines": [48], "summary": {"covered_lines": 1, "num_statements": 1, "percent_covered": 100.0, "percent_covered_display": "100", "missing_lines": 0, "excluded_lines": 0, "percent_statements_covered": 100.0, "percent_statements_covered_display": "100"}, "missing_lines": [], "excluded_lines": [], "start_line": 38}, "Plan": {"executed_lines": [65, 66, 67, 68, 69, 73, 74, 75, 76, 81, 82, 88, 89], "summary": {"covered_lines": 13, "num_statements": 14, "percent_covered": 92.85714285714286, "percent_covered_display": "93", "missing_lines": 1, "excluded_lines": 0, "percent_statements_covered": 92.85714285714286, "percent_statements_covered_display": "93"}, "missing_lines": [77], "excluded_lines": [], "start_line": 52}, "": {"executed_lines": [10, 11, 12, 13, 14, 15, 16, 17, 18, 19, 21, 23, 25, 26, 27, 28, 29, 37, 38, 41, 42, 43, 44, 46, 47, 51, 52, 55, 56, 57, 58, 59, 60, 61, 62, 64, 71, 79, 87, 96, 99, 100, 103, 105, 120, 121, 122, 123, 124, 125, 126, 128, 129, 131, 132, 133, 134, 135, 136, 137, 138, 142, 143, 144, 145, 149, 151, 152, 155, 157, 160, 161, 162, 163, 164, 165, 166, 167, 168, 169, 170, 171, 172, 173, 174, 175, 180, 181, 182, 185, 186, 187, 188, 189, 191, 194, 195, 196, 197, 198, 199, 200, 201, 203, 204, 205, 207, 210, 211, 212, 213, 214, 215, 216, 217, 218, 220, 221, 223, 224, 225, 227, 235, 236, 239, 241, 242, 245, 247, 248, 249, 250, 251, 252, 253, 254, 255, 256, 257, 258, 259, 260, 261, 262, 274, 276, 277, 279, 280, 281, 282, 283, 286, 304, 305, 308, 316, 325, 350, 383, 408, 425, 463, 483, 511, 520, 636, 649], "summary": {"covered_lines": 168, "num_statements": 361, "percent_covered": 46.53739612188366, "percent_covered_display": "47", "missing_lines": 193, "excluded_lines": 0, "percent_statements_covered": 46.53739612188366, "percent_statements_covered_display": "47"}, "missing_lines": [140, 146, 147, 176, 177, 219, 263, 264, 265, 266, 267, 268, 269, 270, 271, 278, 288, 289, 290, 291, 292, 293, 294, 295, 296, 297, 311, 312, 313, 318, 320, 321, 322, 334, 335, 336, 338, 341, 342, 344, 345, 346, 347, 359, 360, 362, 363, 364, 366, 367, 368, 370, 371, 372, 375, 376, 377, 379, 380, 389, 390, 391, 393, 399, 400, 401, 402, 403, 405, 414, 415, 416, 418, 419, 420, 421, 422, 434, 435, 436, 438, 439, 440, 441, 442, 444, 445, 446, 447, 449, 450, 452, 453, 454, 455, 456, 457, 458, 460, 469, 470, 471, 473, 475, 476, 477, 478, 479, 480, 489, 490, 491, 493, 494, 496, 497, 499, 500, 501, 502, 503, 505, 513, 537, 538, 539, 540, 541, 543, 544, 546, 547, 548, 549, 550, 551, 553, 554, 556, 558, 559, 560, 562, 563, 564, 566, 567, 568, 571, 572, 573, 574, 575, 577, 582, 583, 584, 589, 590, 591, 596, 597, 599, 600, 601, 602, 604, 605, 606, 607, 608, 609, 610, 612, 613, 614, 615, 616, 617, 618, 621, 622, 623, 624, 625, 626, 627, 628, 630, 631, 632, 633, 642], "excluded_lines": [], "start_line": 1}}}, "src/agentmail.py": {"executed_lines": [6, 7, 8, 10, 11, 12, 14, 20, 21, 23, 24, 27, 31, 33, 34, 35, 36, 38, 39, 40, 44, 50, 51, 52, 53, 54, 55, 57, 58, 59, 61, 62, 63, 64, 65], "summary": {"covered_lines": 35, "num_statements": 36, "percent_covered": 97.22222222222223, "percent_covered_display": "97", "missing_lines": 1, "excluded_lines": 0, "percent_statements_covered": 97.22222222222223, "percent_statements_covered_display": "97"}, "missing_lines": [28], "excluded_lines": [], "functions": {"close_session": {"executed_lines": [], "summary": {"covered_lines": 0, "num_statements": 1, "percent_covered": 0.0, "percent_covered_display": "0", "missing_lines": 1, "excluded_lines": 0, "percent_statements_covered": 0.0, "percent_statements_covered_display": "0"}, "missing_lines": [28], "excluded_lines": [], "start_line": 27}, "send_agent_mail": {"executed_lines": [33, 34, 35, 36, 38, 39, 40, 44, 50, 51, 52, 53, 54, 55, 57, 58, 59, 61, 62, 63, 64, 65], "summary": {"covered_lines": 22, "num_statements": 22, "percent_covered": 100.0, "percent_covered_display": "100", "missing_lines": 0, "excluded_lines": 0, "percent_statements_covered": 100.0, "percent_statements_covered_display": "100"}, "missing_lines": [], "excluded_lines": [], "start_line": 31}, "": {"executed_lines": [6, 7, 8, 10, 11, 12, 14, 20, 21, 23, 24, 27, 31], "summary": {"covered_lines": 13, "num_statements": 13, "percent_covered": 100.0, "percent_covered_display": "100", "missing_lines": 0, "excluded_lines": 0, "percent_statements_covered": 100.0, "percent_statements_covered_display": "100"}, "missing_lines": [], "excluded_lines": [], "start_line": 1}}, "classes": {"": {"executed_lines": [6, 7, 8, 10, 11, 12, 14, 20, 21, 23, 24, 27, 31, 33, 34, 35, 36, 38, 39, 40, 44, 50, 51, 52, 53, 54, 55, 57, 58, 59, 61, 62, 63, 64, 65], "summary": {"covered_lines": 35, "num_statements": 36, "percent_covered": 97.22222222222223, "percent_covered_display": "97", "missing_lines": 1, "excluded_lines": 0, "percent_statements_covered": 97.22222222222223, "percent_statements_covered_display": "97"}, "missing_lines": [28], "excluded_lines": [], "start_line": 1}}}, "src/analyzer.py": {"executed_lines": [6, 8, 10, 12, 15, 20, 23, 27, 28, 30, 31, 32, 35, 36, 37, 38, 39, 41, 48, 53, 55, 56, 57, 60, 62, 63, 64, 65, 67, 68, 69, 70, 71, 72, 74, 76, 78, 79, 80, 81, 83, 84, 85, 86, 88, 89, 91, 92, 95, 104], "summary": {"covered_lines": 50, "num_statements": 51, "percent_covered": 98.03921568627452, "percent_covered_display": "98", "missing_lines": 1, "excluded_lines": 0, "percent_statements_covered": 98.03921568627452, "percent_statements_covered_display": "98"}, "missing_lines": [97], "excluded_lines": [], "functions": {"analyze_logs": {"executed_lines": [20, 23, 27, 28, 30, 31, 32, 35, 36, 37, 38, 39, 41, 48, 53, 55, 56, 57], "summary": {"covered_lines": 18, "num_statements": 18, "percent_covered": 100.0, "percent_covered_display": "100", "missing_lines": 0, "excluded_lines": 0, "percent_statements_covered": 100.0, "percent_statements_covered_display": "100"}, "missing_lines": [], "excluded_lines": [], "start_line": 15}, "_basic_analysis": {"executed_lines": [62, 63, 64, 65, 67, 68, 69, 70, 71, 72, 74, 76, 78, 79, 80, 81, 83, 84, 85, 86, 88, 89, 91, 92], "summary": {"covered_lines": 24, "num_statements": 24, "percent_covered": 100.0, "percent_covered_display": "100", "missing_lines": 0, "excluded_lines": 0, "percent_statements_covered": 100.0, "percent_statements_covered_display": "100"}, "missing_lines": [], "excluded_lines": [], "start_line": 60}, "suggest_fixes": {"executed_lines": [], "summary": {"covered_lines": 0, "num_statements": 1, "percent_covered": 0.0, "percent_covered_display": "0", "missing_lines": 1, "excluded_lines": 0, "percent_statements_covered": 0.0, "percent_statements_covered_display": "0"}, "missing_lines": [97], "excluded_lines": [], "start_line": 95}, "": {"executed_lines": [6, 8, 10, 12, 15, 60, 95, 104], "summary": {"covered_lines": 8, "num_statements": 8, "percent_covered": 100.0, "percent_covered_display": "100", "missing_lines": 0, "excluded_lines": 0, "percent_statements_covered": 100.0, "percent_statements_covered_display": "100"}, "missing_lines": [], "excluded_lines": [], "start_line": 1}}, "classes": {"": {"executed_lines": [6, 8, 10, 12, 15, 20, 23, 27, 28, 30, 31, 32, 35, 36, 37, 38, 39, 41, 48, 53, 55, 56, 57, 60, 62, 63, 64, 65, 67, 68, 69, 70, 71, 72, 74, 76, 78, 79, 80, 81, 83, 84, 85, 86, 88, 89, 91, 92, 95, 104], "summary": {"covered_lines": 50, "num_statements": 51, "percent_covered": 98.03921568627452, "percent_covered_display": "98", "missing_lines": 1, "excluded_lines": 0, "percent_statements_covered": 98.03921568627452, "percent_statements_covered_display": "98"}, "missing_lines": [97], "excluded_lines": [], "start_line": 1}}}, "src/approvals.py": {"executed_lines": [6, 7, 8, 9, 10, 11, 12, 13, 15, 17, 25, 26, 27, 28, 29, 37, 40, 41, 50, 51, 52, 53, 54, 55, 57, 58, 59, 61, 62, 63, 71, 74, 75, 77, 88, 89, 99, 100, 101, 103, 104, 105, 106, 107, 109, 111, 112, 113, 114, 115, 116, 117, 118, 119, 120, 121, 123, 125, 126, 127, 128, 130, 131, 132, 134, 136, 140, 147, 148, 151, 153, 154, 157, 160, 161, 162, 170, 173, 178, 179, 182, 183, 186, 224, 247, 254, 262], "summary": {"covered_lines": 87, "num_statements": 125, "percent_covered": 69.6, "percent_covered_display": "70", "missing_lines": 38, "excluded_lines": 0, "percent_statements_covered": 69.6, "percent_statements_covered_display": "70"}, "missing_lines": [174, 175, 176, 180, 184, 187, 194, 195, 198, 199, 202, 203, 205, 206, 211, 212, 213, 214, 215, 217, 222, 226, 227, 228, 229, 231, 232, 233, 234, 235, 239, 240, 264, 265, 277, 278, 279, 280], "excluded_lines": [], "functions": {"ApprovalRequest.is_expired": {"executed_lines": [59], "summary": {"covered_lines": 1, "num_statements": 1, "percent_covered": 100.0, "percent_covered_display": "100", "missing_lines": 0, "excluded_lines": 0, "percent_statements_covered": 100.0, "percent_statements_covered_display": "100"}, "missing_lines": [], "excluded_lines": [], "start_line": 58}, "ApprovalRequest.age_seconds": {"executed_lines": [63], "summary": {"covered_lines": 1, "num_statements": 1, "percent_covered": 100.0, "percent_covered_display": "100", "missing_lines": 0, "excluded_lines": 0, "percent_statements_covered": 100.0, "percent_statements_covered_display": "100"}, "missing_lines": [], "excluded_lines": [], "start_line": 62}, "ApprovalStore.__init__": {"executed_lines": [75], "summary": {"covered_lines": 1, "num_statements": 1, "percent_covered": 100.0, "percent_covered_display": "100", "missing_lines": 0, "excluded_lines": 0, "percent_statements_covered": 100.0, "percent_statements_covered_display": "100"}, "missing_lines": [], "excluded_lines": [], "start_line": 74}, "ApprovalStore.create": {"executed_lines": [88, 89, 99, 100, 101], "summary": {"covered_lines": 5, "num_statements": 5, "percent_covered": 100.0, "percent_covered_display": "100", "missing_lines": 0, "excluded_lines": 0, "percent_statements_covered": 100.0, "percent_statements_covered_display": "100"}, "missing_lines": [], "excluded_lines": [], "start_line": 77}, "ApprovalStore.get": {"executed_lines": [104, 105, 106, 107], "summary": {"covered_lines": 4, "num_statements": 4, "percent_covered": 100.0, "percent_covered_display": "100", "missing_lines": 0, "excluded_lines": 0, "percent_statements_covered": 100.0, "percent_statements_covered_display": "100"}, "missing_lines": [], "excluded_lines": [], "start_line": 103}, "ApprovalStore.resolve": {"executed_lines": [111, 112, 113, 114, 115, 116, 117, 118, 119, 120, 121], "summary": {"covered_lines": 11, "num_statements": 11, "percent_covered": 100.0, "percent_covered_display": "100", "missing_lines": 0, "excluded_lines": 0, "percent_statements_covered": 100.0, "percent_statements_covered_display": "100"}, "missing_lines": [], "excluded_lines": [], "start_line": 109}, "ApprovalStore.cleanup_expired": {"executed_lines": [125, 126, 127, 128], "summary": {"covered_lines": 4, "num_statements": 4, "percent_covered": 100.0, "percent_covered_display": "100", "missing_lines": 0, "excluded_lines": 0, "percent_statements_covered": 100.0, "percent_statements_covered_display": "100"}, "missing_lines": [], "excluded_lines": [], "start_line": 123}, "ApprovalStore.pending_count": {"executed_lines": [132], "summary": {"covered_lines": 1, "num_statements": 1, "percent_covered": 100.0, "percent_covered_display": "100", "missing_lines": 0, "excluded_lines": 0, "percent_statements_covered": 100.0, "percent_statements_covered_display": "100"}, "missing_lines": [], "excluded_lines": [], "start_line": 131}, "ApprovalStore.list_pending": {"executed_lines": [136], "summary": {"covered_lines": 1, "num_statements": 1, "percent_covered": 100.0, "percent_covered_display": "100", "missing_lines": 0, "excluded_lines": 0, "percent_statements_covered": 100.0, "percent_statements_covered_display": "100"}, "missing_lines": [], "excluded_lines": [], "start_line": 134}, "is_emergency_stopped": {"executed_lines": [153, 154], "summary": {"covered_lines": 2, "num_statements": 2, "percent_covered": 100.0, "percent_covered_display": "100", "missing_lines": 0, "excluded_lines": 0, "percent_statements_covered": 100.0, "percent_statements_covered_display": "100"}, "missing_lines": [], "excluded_lines": [], "start_line": 151}, "set_emergency_stop": {"executed_lines": [160, 161, 162], "summary": {"covered_lines": 3, "num_statements": 3, "percent_covered": 100.0, "percent_covered_display": "100", "missing_lines": 0, "excluded_lines": 0, "percent_statements_covered": 100.0, "percent_statements_covered_display": "100"}, "missing_lines": [], "excluded_lines": [], "start_line": 157}, "ApprovalView.__init__": {"executed_lines": [], "summary": {"covered_lines": 0, "num_statements": 3, "percent_covered": 0.0, "percent_covered_display": "0", "missing_lines": 3, "excluded_lines": 0, "percent_statements_covered": 0.0, "percent_statements_covered_display": "0"}, "missing_lines": [174, 175, 176], "excluded_lines": [], "start_line": 173}, "ApprovalView.approve_button": {"executed_lines": [], "summary": {"covered_lines": 0, "num_statements": 1, "percent_covered": 0.0, "percent_covered_display": "0", "missing_lines": 1, "excluded_lines": 0, "percent_statements_covered": 0.0, "percent_statements_covered_display": "0"}, "missing_lines": [180], "excluded_lines": [], "start_line": 179}, "ApprovalView.deny_button": {"executed_lines": [], "summary": {"covered_lines": 0, "num_statements": 1, "percent_covered": 0.0, "percent_covered_display": "0", "missing_lines": 1, "excluded_lines": 0, "percent_statements_covered": 0.0, "percent_statements_covered_display": "0"}, "missing_lines": [184], "excluded_lines": [], "start_line": 183}, "ApprovalView._handle": {"executed_lines": [], "summary": {"covered_lines": 0, "num_statements": 16, "percent_covered": 0.0, "percent_covered_display": "0", "missing_lines": 16, "excluded_lines": 0, "percent_statements_covered": 0.0, "percent_statements_covered_display": "0"}, "missing_lines": [187, 194, 195, 198, 199, 202, 203, 205, 206, 211, 212, 213, 214, 215, 217, 222], "excluded_lines": [], "start_line": 186}, "ApprovalView.on_timeout": {"executed_lines": [], "summary": {"covered_lines": 0, "num_statements": 11, "percent_covered": 0.0, "percent_covered_display": "0", "missing_lines": 11, "excluded_lines": 0, "percent_statements_covered": 0.0, "percent_statements_covered_display": "0"}, "missing_lines": [226, 227, 228, 229, 231, 232, 233, 234, 235, 239, 240], "excluded_lines": [], "start_line": 224}, "build_approval_embed": {"executed_lines": [], "summary": {"covered_lines": 0, "num_statements": 6, "percent_covered": 0.0, "percent_covered_display": "0", "missing_lines": 6, "excluded_lines": 0, "percent_statements_covered": 0.0, "percent_statements_covered_display": "0"}, "missing_lines": [264, 265, 277, 278, 279, 280], "excluded_lines": [], "start_line": 262}, "": {"executed_lines": [6, 7, 8, 9, 10, 11, 12, 13, 15, 17, 25, 26, 27, 28, 29, 37, 40, 41, 50, 51, 52, 53, 54, 55, 57, 58, 61, 62, 71, 74, 77, 103, 109, 123, 130, 131, 134, 140, 147, 148, 151, 157, 170, 173, 178, 179, 182, 183, 186, 224, 247, 254, 262], "summary": {"covered_lines": 53, "num_statements": 53, "percent_covered": 100.0, "percent_covered_display": "100", "missing_lines": 0, "excluded_lines": 0, "percent_statements_covered": 100.0, "percent_statements_covered_display": "100"}, "missing_lines": [], "excluded_lines": [], "start_line": 1}}, "classes": {"RiskLevel": {"executed_lines": [], "summary": {"covered_lines": 0, "num_statements": 0, "percent_covered": 100.0, "percent_covered_display": "100", "missing_lines": 0, "excluded_lines": 0, "percent_statements_covered": 100.0, "percent_statements_covered_display": "100"}, "missing_lines": [], "excluded_lines": [], "start_line": 25}, "ApprovalRequest": {"executed_lines": [59, 63], "summary": {"covered_lines": 2, "num_statements": 2, "percent_covered": 100.0, "percent_covered_display": "100", "missing_lines": 0, "excluded_lines": 0, "percent_statements_covered": 100.0, "percent_statements_covered_display": "100"}, "missing_lines": [], "excluded_lines": [], "start_line": 41}, "ApprovalStore": {"executed_lines": [75, 88, 89, 99, 100, 101, 104, 105, 106, 107, 111, 112, 113, 114, 115, 116, 117, 118, 119, 120, 121, 125, 126, 127, 128, 132, 136], "summary": {"covered_lines": 27, "num_statements": 27, "percent_covered": 100.0, "percent_covered_display": "100", "missing_lines": 0, "excluded_lines": 0, "percent_statements_covered": 100.0, "percent_statements_covered_display": "100"}, "missing_lines": [], "excluded_lines": [], "start_line": 71}, "ApprovalView": {"executed_lines": [], "summary": {"covered_lines": 0, "num_statements": 32, "percent_covered": 0.0, "percent_covered_display": "0", "missing_lines": 32, "excluded_lines": 0, "percent_statements_covered": 0.0, "percent_statements_covered_display": "0"}, "missing_lines": [174, 175, 176, 180, 184, 187, 194, 195, 198, 199, 202, 203, 205, 206, 211, 212, 213, 214, 215, 217, 222, 226, 227, 228, 229, 231, 232, 233, 234, 235, 239, 240], "excluded_lines": [], "start_line": 170}, "": {"executed_lines": [6, 7, 8, 9, 10, 11, 12, 13, 15, 17, 25, 26, 27, 28, 29, 37, 40, 41, 50, 51, 52, 53, 54, 55, 57, 58, 61, 62, 71, 74, 77, 103, 109, 123, 130, 131, 134, 140, 147, 148, 151, 153, 154, 157, 160, 161, 162, 170, 173, 178, 179, 182, 183, 186, 224, 247, 254, 262], "summary": {"covered_lines": 58, "num_statements": 64, "percent_covered": 90.625, "percent_covered_display": "91", "missing_lines": 6, "excluded_lines": 0, "percent_statements_covered": 90.625, "percent_statements_covered_display": "91"}, "missing_lines": [264, 265, 277, 278, 279, 280], "excluded_lines": [], "start_line": 1}}}, "src/audit.py": {"executed_lines": [8, 9, 11, 14], "summary": {"covered_lines": 4, "num_statements": 6, "percent_covered": 66.66666666666667, "percent_covered_display": "67", "missing_lines": 2, "excluded_lines": 0, "percent_statements_covered": 66.66666666666667, "percent_statements_covered_display": "67"}, "missing_lines": [21, 29], "excluded_lines": [], "functions": {"audit_log": {"executed_lines": [], "summary": {"covered_lines": 0, "num_statements": 2, "percent_covered": 0.0, "percent_covered_display": "0", "missing_lines": 2, "excluded_lines": 0, "percent_statements_covered": 0.0, "percent_statements_covered_display": "0"}, "missing_lines": [21, 29], "excluded_lines": [], "start_line": 14}, "": {"executed_lines": [8, 9, 11, 14], "summary": {"covered_lines": 4, "num_statements": 4, "percent_covered": 100.0, "percent_covered_display": "100", "missing_lines": 0, "excluded_lines": 0, "percent_statements_covered": 100.0, "percent_statements_covered_display": "100"}, "missing_lines": [], "excluded_lines": [], "start_line": 1}}, "classes": {"": {"executed_lines": [8, 9, 11, 14], "summary": {"covered_lines": 4, "num_statements": 6, "percent_covered": 66.66666666666667, "percent_covered_display": "67", "missing_lines": 2, "excluded_lines": 0, "percent_statements_covered": 66.66666666666667, "percent_statements_covered_display": "67"}, "missing_lines": [21, 29], "excluded_lines": [], "start_line": 1}}}, "src/bot.py": {"executed_lines": [10, 11, 12, 13, 14, 15, 16, 17, 18, 19, 20, 22, 23, 24, 25, 26, 27, 29, 30, 31, 32, 33, 39, 40, 41, 42, 43, 44, 45, 46, 52, 53, 54, 55, 61, 63, 64, 65, 66, 67, 68, 74, 75, 78, 110, 116, 118, 126, 127, 134, 136, 137, 138, 145, 147, 152, 154, 161, 162, 165, 168, 169, 170, 171, 173, 202, 289, 319, 325, 327, 333, 334, 336, 340, 346, 348, 349, 350, 351, 352, 353, 354, 357, 359, 360, 361, 363, 364, 365, 366, 367, 368, 369, 370, 372, 373, 374, 375, 376, 377, 379, 380, 382, 384, 387, 389, 390, 391, 392, 394, 395, 396, 397, 398, 399, 400, 401, 402, 403, 404, 405, 406, 407, 408, 410, 412, 416, 417, 418, 419, 420, 421, 423, 425, 426, 427, 428, 429, 431, 432, 433, 434, 435, 436, 437, 438, 439, 440, 441, 443, 445, 446, 447, 448, 450, 451, 452, 453, 454, 456, 460, 462, 463, 465, 468, 470, 471, 473, 474, 475, 476, 477, 478, 479, 484, 485, 486, 489, 491, 496, 525, 528, 565, 571, 572, 583, 584, 606, 607, 618, 619, 622, 623, 626, 660, 684, 706, 724, 743, 768, 769, 774, 781, 1328, 1329, 1432, 1451], "summary": {"covered_lines": 207, "num_statements": 868, "percent_covered": 23.847926267281107, "percent_covered_display": "24", "missing_lines": 661, "excluded_lines": 0, "percent_statements_covered": 23.847926267281107, "percent_statements_covered_display": "24"}, "missing_lines": [81, 82, 83, 84, 85, 86, 87, 88, 89, 90, 91, 92, 94, 95, 96, 97, 98, 99, 100, 101, 103, 104, 105, 107, 175, 176, 177, 178, 179, 180, 181, 182, 183, 184, 185, 186, 187, 189, 190, 191, 192, 193, 195, 196, 199, 200, 203, 204, 206, 208, 209, 210, 213, 214, 215, 219, 220, 221, 225, 228, 229, 230, 231, 232, 233, 234, 235, 236, 237, 238, 239, 240, 245, 246, 247, 248, 249, 251, 254, 255, 258, 259, 260, 261, 262, 263, 265, 266, 274, 275, 276, 277, 278, 279, 280, 281, 285, 286, 287, 291, 292, 293, 294, 295, 296, 297, 298, 299, 300, 301, 303, 309, 310, 311, 312, 313, 314, 315, 316, 413, 414, 457, 458, 459, 480, 481, 482, 498, 499, 500, 502, 503, 504, 506, 507, 509, 515, 517, 518, 539, 540, 541, 542, 543, 544, 546, 547, 553, 554, 556, 562, 563, 566, 567, 568, 569, 573, 574, 575, 576, 579, 580, 581, 585, 586, 591, 592, 593, 594, 599, 600, 601, 602, 603, 604, 608, 609, 610, 614, 615, 616, 620, 624, 627, 628, 629, 634, 635, 640, 641, 645, 646, 647, 655, 656, 657, 658, 661, 662, 663, 668, 669, 674, 675, 679, 680, 681, 682, 685, 686, 687, 688, 689, 695, 696, 697, 698, 699, 702, 703, 708, 709, 710, 716, 717, 718, 719, 721, 728, 729, 730, 733, 734, 735, 736, 737, 738, 739, 740, 747, 748, 749, 752, 753, 754, 755, 758, 759, 760, 761, 762, 763, 764, 765, 789, 790, 794, 796, 797, 801, 803, 804, 807, 808, 810, 811, 813, 814, 816, 817, 818, 819, 820, 821, 822, 826, 827, 828, 830, 831, 832, 833, 834, 835, 836, 838, 839, 840, 841, 845, 849, 850, 851, 854, 855, 856, 857, 858, 859, 861, 864, 871, 872, 873, 874, 875, 876, 877, 878, 879, 880, 881, 882, 886, 888, 889, 892, 893, 894, 895, 896, 899, 900, 901, 902, 903, 904, 908, 909, 912, 913, 914, 915, 916, 917, 921, 923, 924, 925, 928, 929, 930, 931, 933, 935, 937, 938, 939, 940, 941, 942, 946, 947, 950, 951, 952, 953, 954, 955, 956, 960, 961, 964, 965, 966, 967, 968, 972, 973, 976, 977, 978, 979, 980, 982, 984, 985, 992, 994, 995, 996, 997, 998, 999, 1002, 1003, 1005, 1006, 1007, 1008, 1009, 1010, 1014, 1015, 1016, 1017, 1019, 1020, 1021, 1022, 1023, 1028, 1030, 1031, 1032, 1033, 1038, 1041, 1042, 1043, 1044, 1045, 1046, 1047, 1053, 1054, 1057, 1058, 1059, 1060, 1063, 1064, 1065, 1066, 1067, 1068, 1069, 1070, 1071, 1072, 1074, 1075, 1076, 1077, 1078, 1081, 1082, 1092, 1093, 1099, 1100, 1101, 1102, 1107, 1109, 1110, 1112, 1113, 1114, 1115, 1117, 1118, 1119, 1120, 1121, 1122, 1123, 1124, 1125, 1127, 1128, 1129, 1130, 1131, 1134, 1135, 1136, 1141, 1142, 1143, 1145, 1146, 1147, 1151, 1152, 1153, 1155, 1156, 1157, 1159, 1160, 1163, 1164, 1165, 1172, 1173, 1177, 1178, 1179, 1180, 1181, 1185, 1186, 1187, 1188, 1189, 1190, 1191, 1192, 1193, 1194, 1195, 1197, 1198, 1199, 1200, 1201, 1205, 1206, 1208, 1209, 1210, 1212, 1213, 1214, 1215, 1216, 1217, 1218, 1219, 1220, 1221, 1222, 1223, 1224, 1225, 1226, 1227, 1229, 1230, 1231, 1232, 1233, 1234, 1237, 1238, 1239, 1240, 1241, 1243, 1246, 1247, 1248, 1257, 1258, 1261, 1262, 1263, 1264, 1265, 1266, 1268, 1271, 1272, 1273, 1274, 1275, 1276, 1277, 1278, 1279, 1280, 1281, 1282, 1283, 1284, 1285, 1286, 1289, 1290, 1291, 1292, 1294, 1295, 1296, 1297, 1298, 1300, 1301, 1302, 1303, 1304, 1305, 1307, 1308, 1309, 1310, 1311, 1312, 1313, 1316, 1317, 1318, 1319, 1321, 1332, 1333, 1336, 1337, 1338, 1341, 1342, 1343, 1346, 1347, 1349, 1350, 1353, 1355, 1356, 1357, 1360, 1361, 1366, 1367, 1371, 1373, 1374, 1375, 1377, 1379, 1380, 1386, 1387, 1388, 1389, 1391, 1393, 1394, 1400, 1401, 1402, 1403, 1404, 1407, 1408, 1409, 1410, 1412, 1413, 1415, 1416, 1417, 1419, 1420, 1421, 1423, 1424, 1434, 1435, 1436, 1437, 1438, 1439, 1441, 1443, 1444, 1445, 1447, 1448, 1452], "excluded_lines": [], "functions": {"_load_channel_config": {"executed_lines": [], "summary": {"covered_lines": 0, "num_statements": 24, "percent_covered": 0.0, "percent_covered_display": "0", "missing_lines": 24, "excluded_lines": 0, "percent_statements_covered": 0.0, "percent_statements_covered_display": "0"}, "missing_lines": [81, 82, 83, 84, 85, 86, 87, 88, 89, 90, 91, 92, 94, 95, 96, 97, 98, 99, 100, 101, 103, 104, 105, 107], "excluded_lines": [], "start_line": 78}, "truncate_for_embed": {"executed_lines": [136, 137, 138], "summary": {"covered_lines": 3, "num_statements": 3, "percent_covered": 100.0, "percent_covered_display": "100", "missing_lines": 0, "excluded_lines": 0, "percent_statements_covered": 100.0, "percent_statements_covered_display": "100"}, "missing_lines": [], "excluded_lines": [], "start_line": 134}, "OpenClawBot.__init__": {"executed_lines": [169, 170, 171], "summary": {"covered_lines": 3, "num_statements": 3, "percent_covered": 100.0, "percent_covered_display": "100", "missing_lines": 0, "excluded_lines": 0, "percent_statements_covered": 100.0, "percent_statements_covered_display": "100"}, "missing_lines": [], "excluded_lines": [], "start_line": 168}, "OpenClawBot.setup_hook": {"executed_lines": [], "summary": {"covered_lines": 0, "num_statements": 22, "percent_covered": 0.0, "percent_covered_display": "0", "missing_lines": 22, "excluded_lines": 0, "percent_statements_covered": 0.0, "percent_statements_covered_display": "0"}, "missing_lines": [175, 176, 177, 178, 179, 180, 181, 182, 183, 184, 185, 186, 187, 189, 190, 191, 192, 193, 195, 196, 199, 200], "excluded_lines": [], "start_line": 173}, "OpenClawBot.on_ready": {"executed_lines": [], "summary": {"covered_lines": 0, "num_statements": 36, "percent_covered": 0.0, "percent_covered_display": "0", "missing_lines": 36, "excluded_lines": 0, "percent_statements_covered": 0.0, "percent_statements_covered_display": "0"}, "missing_lines": [203, 204, 206, 208, 209, 210, 213, 214, 215, 219, 220, 221, 225, 228, 251, 254, 255, 258, 259, 260, 261, 262, 263, 265, 266, 274, 275, 276, 277, 278, 279, 280, 281, 285, 286, 287], "excluded_lines": [], "start_line": 202}, "OpenClawBot.on_ready._scheduler_notify": {"executed_lines": [], "summary": {"covered_lines": 0, "num_statements": 17, "percent_covered": 0.0, "percent_covered_display": "0", "missing_lines": 17, "excluded_lines": 0, "percent_statements_covered": 0.0, "percent_statements_covered_display": "0"}, "missing_lines": [229, 230, 231, 232, 233, 234, 235, 236, 237, 238, 239, 240, 245, 246, 247, 248, 249], "excluded_lines": [], "start_line": 228}, "OpenClawBot.close": {"executed_lines": [], "summary": {"covered_lines": 0, "num_statements": 20, "percent_covered": 0.0, "percent_covered_display": "0", "missing_lines": 20, "excluded_lines": 0, "percent_statements_covered": 0.0, "percent_statements_covered_display": "0"}, "missing_lines": [291, 292, 293, 294, 295, 296, 297, 298, 299, 300, 301, 303, 309, 310, 311, 312, 313, 314, 315, 316], "excluded_lines": [], "start_line": 289}, "_extract_image_url": {"executed_lines": [348, 349, 350, 351, 352, 353, 354], "summary": {"covered_lines": 7, "num_statements": 7, "percent_covered": 100.0, "percent_covered_display": "100", "missing_lines": 0, "excluded_lines": 0, "percent_statements_covered": 100.0, "percent_statements_covered_display": "100"}, "missing_lines": [], "excluded_lines": [], "start_line": 346}, "_format_markdown_for_discord": {"executed_lines": [359, 360, 361, 363, 364, 365, 366, 367, 368, 369, 370, 372, 373, 374, 375, 376, 377, 379, 380, 382, 384], "summary": {"covered_lines": 21, "num_statements": 21, "percent_covered": 100.0, "percent_covered_display": "100", "missing_lines": 0, "excluded_lines": 0, "percent_statements_covered": 100.0, "percent_statements_covered_display": "100"}, "missing_lines": [], "excluded_lines": [], "start_line": 357}, "_format_tables_for_discord": {"executed_lines": [389, 390, 391, 392, 394, 445, 446, 447, 448, 450, 451, 452, 453, 454, 456, 460, 462, 463, 465], "summary": {"covered_lines": 19, "num_statements": 22, "percent_covered": 86.36363636363636, "percent_covered_display": "86", "missing_lines": 3, "excluded_lines": 0, "percent_statements_covered": 86.36363636363636, "percent_statements_covered_display": "86"}, "missing_lines": [457, 458, 459], "excluded_lines": [], "start_line": 387}, "_format_tables_for_discord._flush_table": {"executed_lines": [395, 396, 397, 398, 399, 400, 401, 402, 403, 404, 405, 406, 407, 408, 410, 412, 416, 417, 418, 419, 420, 421, 423, 425, 426, 427, 428, 429, 431, 432, 433, 434, 435, 436, 437, 438, 439, 440, 441, 443], "summary": {"covered_lines": 40, "num_statements": 42, "percent_covered": 95.23809523809524, "percent_covered_display": "95", "missing_lines": 2, "excluded_lines": 0, "percent_statements_covered": 95.23809523809524, "percent_statements_covered_display": "95"}, "missing_lines": [413, 414], "excluded_lines": [], "start_line": 394}, "_split_response": {"executed_lines": [470, 471, 473, 474, 475, 476, 477, 478, 479, 484, 485, 486], "summary": {"covered_lines": 12, "num_statements": 15, "percent_covered": 80.0, "percent_covered_display": "80", "missing_lines": 3, "excluded_lines": 0, "percent_statements_covered": 80.0, "percent_statements_covered_display": "80"}, "missing_lines": [480, 481, 482], "excluded_lines": [], "start_line": 468}, "_extract_file_attachment": {"executed_lines": [], "summary": {"covered_lines": 0, "num_statements": 12, "percent_covered": 0.0, "percent_covered_display": "0", "missing_lines": 12, "excluded_lines": 0, "percent_statements_covered": 0.0, "percent_statements_covered_display": "0"}, "missing_lines": [498, 499, 500, 502, 503, 504, 506, 507, 509, 515, 517, 518], "excluded_lines": [], "start_line": 496}, "ResponseActions.__init__": {"executed_lines": [], "summary": {"covered_lines": 0, "num_statements": 13, "percent_covered": 0.0, "percent_covered_display": "0", "missing_lines": 13, "excluded_lines": 0, "percent_statements_covered": 0.0, "percent_statements_covered_display": "0"}, "missing_lines": [539, 540, 541, 542, 543, 544, 546, 547, 553, 554, 556, 562, 563], "excluded_lines": [], "start_line": 528}, "ResponseActions.interaction_check": {"executed_lines": [], "summary": {"covered_lines": 0, "num_statements": 4, "percent_covered": 0.0, "percent_covered_display": "0", "missing_lines": 4, "excluded_lines": 0, "percent_statements_covered": 0.0, "percent_statements_covered_display": "0"}, "missing_lines": [566, 567, 568, 569], "excluded_lines": [], "start_line": 565}, "ResponseActions.save_btn": {"executed_lines": [], "summary": {"covered_lines": 0, "num_statements": 7, "percent_covered": 0.0, "percent_covered_display": "0", "missing_lines": 7, "excluded_lines": 0, "percent_statements_covered": 0.0, "percent_statements_covered_display": "0"}, "missing_lines": [573, 574, 575, 576, 579, 580, 581], "excluded_lines": [], "start_line": 572}, "ResponseActions.regen_btn": {"executed_lines": [], "summary": {"covered_lines": 0, "num_statements": 12, "percent_covered": 0.0, "percent_covered_display": "0", "missing_lines": 12, "excluded_lines": 0, "percent_statements_covered": 0.0, "percent_statements_covered_display": "0"}, "missing_lines": [585, 586, 591, 592, 593, 594, 599, 600, 601, 602, 603, 604], "excluded_lines": [], "start_line": 584}, "ResponseActions.email_btn": {"executed_lines": [], "summary": {"covered_lines": 0, "num_statements": 6, "percent_covered": 0.0, "percent_covered_display": "0", "missing_lines": 6, "excluded_lines": 0, "percent_statements_covered": 0.0, "percent_statements_covered_display": "0"}, "missing_lines": [608, 609, 610, 614, 615, 616], "excluded_lines": [], "start_line": 607}, "ResponseActions.thumbs_up_btn": {"executed_lines": [], "summary": {"covered_lines": 0, "num_statements": 1, "percent_covered": 0.0, "percent_covered_display": "0", "missing_lines": 1, "excluded_lines": 0, "percent_statements_covered": 0.0, "percent_statements_covered_display": "0"}, "missing_lines": [620], "excluded_lines": [], "start_line": 619}, "ResponseActions.thumbs_down_btn": {"executed_lines": [], "summary": {"covered_lines": 0, "num_statements": 1, "percent_covered": 0.0, "percent_covered_display": "0", "missing_lines": 1, "excluded_lines": 0, "percent_statements_covered": 0.0, "percent_statements_covered_display": "0"}, "missing_lines": [624], "excluded_lines": [], "start_line": 623}, "ResponseActions._make_followup_callback": {"executed_lines": [], "summary": {"covered_lines": 0, "num_statements": 2, "percent_covered": 0.0, "percent_covered_display": "0", "missing_lines": 2, "excluded_lines": 0, "percent_statements_covered": 0.0, "percent_statements_covered_display": "0"}, "missing_lines": [627, 658], "excluded_lines": [], "start_line": 626}, "ResponseActions._make_followup_callback.callback": {"executed_lines": [], "summary": {"covered_lines": 0, "num_statements": 12, "percent_covered": 0.0, "percent_covered_display": "0", "missing_lines": 12, "excluded_lines": 0, "percent_statements_covered": 0.0, "percent_statements_covered_display": "0"}, "missing_lines": [628, 629, 634, 635, 640, 641, 645, 646, 647, 655, 656, 657], "excluded_lines": [], "start_line": 627}, "ResponseActions._go_deeper_callback": {"executed_lines": [], "summary": {"covered_lines": 0, "num_statements": 11, "percent_covered": 0.0, "percent_covered_display": "0", "missing_lines": 11, "excluded_lines": 0, "percent_statements_covered": 0.0, "percent_statements_covered_display": "0"}, "missing_lines": [661, 662, 663, 668, 669, 674, 675, 679, 680, 681, 682], "excluded_lines": [], "start_line": 660}, "ResponseActions._record_feedback": {"executed_lines": [], "summary": {"covered_lines": 0, "num_statements": 12, "percent_covered": 0.0, "percent_covered_display": "0", "missing_lines": 12, "excluded_lines": 0, "percent_statements_covered": 0.0, "percent_statements_covered_display": "0"}, "missing_lines": [685, 686, 687, 688, 689, 695, 696, 697, 698, 699, 702, 703], "excluded_lines": [], "start_line": 684}, "_generate_follow_ups": {"executed_lines": [], "summary": {"covered_lines": 0, "num_statements": 8, "percent_covered": 0.0, "percent_covered_display": "0", "missing_lines": 8, "excluded_lines": 0, "percent_statements_covered": 0.0, "percent_statements_covered_display": "0"}, "missing_lines": [708, 709, 710, 716, 717, 718, 719, 721], "excluded_lines": [], "start_line": 706}, "_handle_image_attachment": {"executed_lines": [], "summary": {"covered_lines": 0, "num_statements": 11, "percent_covered": 0.0, "percent_covered_display": "0", "missing_lines": 11, "excluded_lines": 0, "percent_statements_covered": 0.0, "percent_statements_covered_display": "0"}, "missing_lines": [728, 729, 730, 733, 734, 735, 736, 737, 738, 739, 740], "excluded_lines": [], "start_line": 724}, "_handle_doc_attachment": {"executed_lines": [], "summary": {"covered_lines": 0, "num_statements": 15, "percent_covered": 0.0, "percent_covered_display": "0", "missing_lines": 15, "excluded_lines": 0, "percent_statements_covered": 0.0, "percent_statements_covered_display": "0"}, "missing_lines": [747, 748, 749, 752, 753, 754, 755, 758, 759, 760, 761, 762, 763, 764, 765], "excluded_lines": [], "start_line": 743}, "ask_cmd": {"executed_lines": [], "summary": {"covered_lines": 0, "num_statements": 260, "percent_covered": 0.0, "percent_covered_display": "0", "missing_lines": 260, "excluded_lines": 0, "percent_statements_covered": 0.0, "percent_statements_covered_display": "0"}, "missing_lines": [789, 790, 794, 796, 797, 801, 803, 804, 807, 808, 810, 811, 813, 814, 816, 830, 854, 855, 856, 857, 858, 859, 861, 864, 871, 872, 873, 874, 875, 876, 877, 878, 879, 880, 881, 882, 886, 888, 889, 892, 893, 894, 895, 896, 899, 900, 901, 902, 903, 904, 908, 909, 912, 913, 914, 915, 916, 917, 921, 923, 924, 925, 928, 929, 930, 931, 933, 935, 937, 938, 939, 940, 941, 942, 946, 947, 950, 951, 952, 953, 954, 955, 956, 960, 961, 964, 965, 966, 967, 968, 972, 973, 976, 977, 978, 979, 980, 982, 984, 985, 992, 994, 995, 996, 997, 998, 999, 1002, 1003, 1005, 1006, 1007, 1008, 1009, 1010, 1014, 1015, 1016, 1017, 1019, 1020, 1021, 1022, 1023, 1028, 1030, 1031, 1032, 1033, 1038, 1041, 1042, 1043, 1044, 1045, 1046, 1047, 1053, 1054, 1057, 1058, 1059, 1060, 1063, 1064, 1065, 1066, 1067, 1068, 1069, 1070, 1071, 1072, 1074, 1075, 1076, 1077, 1078, 1081, 1082, 1092, 1093, 1099, 1100, 1101, 1102, 1107, 1109, 1110, 1112, 1134, 1135, 1136, 1141, 1142, 1143, 1145, 1146, 1147, 1151, 1152, 1153, 1155, 1156, 1157, 1159, 1160, 1163, 1164, 1165, 1172, 1173, 1177, 1178, 1179, 1180, 1181, 1185, 1186, 1187, 1188, 1189, 1190, 1191, 1192, 1193, 1194, 1195, 1197, 1198, 1199, 1200, 1201, 1205, 1206, 1208, 1209, 1210, 1212, 1213, 1214, 1215, 1216, 1217, 1218, 1219, 1220, 1221, 1222, 1223, 1224, 1225, 1226, 1227, 1229, 1230, 1231, 1232, 1233, 1234, 1237, 1238, 1239, 1240, 1241, 1243, 1246, 1247, 1248, 1257, 1258, 1261, 1262, 1263, 1264, 1265, 1266, 1268, 1271, 1321], "excluded_lines": [], "start_line": 781}, "ask_cmd._think": {"executed_lines": [], "summary": {"covered_lines": 0, "num_statements": 9, "percent_covered": 0.0, "percent_covered_display": "0", "missing_lines": 9, "excluded_lines": 0, "percent_statements_covered": 0.0, "percent_statements_covered_display": "0"}, "missing_lines": [817, 818, 819, 820, 821, 822, 826, 827, 828], "excluded_lines": [], "start_line": 816}, "ask_cmd._on_tool_call": {"executed_lines": [], "summary": {"covered_lines": 0, "num_statements": 14, "percent_covered": 0.0, "percent_covered_display": "0", "missing_lines": 14, "excluded_lines": 0, "percent_statements_covered": 0.0, "percent_statements_covered_display": "0"}, "missing_lines": [831, 832, 833, 834, 835, 836, 838, 839, 840, 841, 845, 849, 850, 851], "excluded_lines": [], "start_line": 830}, "ask_cmd._build_footer": {"executed_lines": [], "summary": {"covered_lines": 0, "num_statements": 17, "percent_covered": 0.0, "percent_covered_display": "0", "missing_lines": 17, "excluded_lines": 0, "percent_statements_covered": 0.0, "percent_statements_covered_display": "0"}, "missing_lines": [1113, 1114, 1115, 1117, 1118, 1119, 1120, 1121, 1122, 1123, 1124, 1125, 1127, 1128, 1129, 1130, 1131], "excluded_lines": [], "start_line": 1112}, "ask_cmd._post_response_learning": {"executed_lines": [], "summary": {"covered_lines": 0, "num_statements": 41, "percent_covered": 0.0, "percent_covered_display": "0", "missing_lines": 41, "excluded_lines": 0, "percent_statements_covered": 0.0, "percent_statements_covered_display": "0"}, "missing_lines": [1272, 1273, 1274, 1275, 1276, 1277, 1278, 1279, 1280, 1281, 1282, 1283, 1284, 1285, 1286, 1289, 1290, 1291, 1292, 1294, 1295, 1296, 1297, 1298, 1300, 1301, 1302, 1303, 1304, 1305, 1307, 1308, 1309, 1310, 1311, 1312, 1313, 1316, 1317, 1318, 1319], "excluded_lines": [], "start_line": 1271}, "on_message": {"executed_lines": [], "summary": {"covered_lines": 0, "num_statements": 53, "percent_covered": 0.0, "percent_covered_display": "0", "missing_lines": 53, "excluded_lines": 0, "percent_statements_covered": 0.0, "percent_statements_covered_display": "0"}, "missing_lines": [1332, 1333, 1336, 1337, 1338, 1341, 1342, 1343, 1346, 1347, 1349, 1350, 1353, 1355, 1356, 1357, 1360, 1361, 1366, 1367, 1371, 1373, 1374, 1375, 1377, 1379, 1380, 1386, 1387, 1388, 1389, 1391, 1393, 1394, 1400, 1401, 1402, 1403, 1404, 1407, 1408, 1409, 1410, 1412, 1413, 1415, 1416, 1417, 1419, 1420, 1421, 1423, 1424], "excluded_lines": [], "start_line": 1329}, "main": {"executed_lines": [], "summary": {"covered_lines": 0, "num_statements": 12, "percent_covered": 0.0, "percent_covered_display": "0", "missing_lines": 12, "excluded_lines": 0, "percent_statements_covered": 0.0, "percent_statements_covered_display": "0"}, "missing_lines": [1434, 1435, 1436, 1437, 1438, 1439, 1441, 1443, 1444, 1445, 1447, 1448], "excluded_lines": [], "start_line": 1432}, "": {"executed_lines": [10, 11, 12, 13, 14, 15, 16, 17, 18, 19, 20, 22, 23, 24, 25, 26, 27, 29, 30, 31, 32, 33, 39, 40, 41, 42, 43, 44, 45, 46, 52, 53, 54, 55, 61, 63, 64, 65, 66, 67, 68, 74, 75, 78, 110, 116, 118, 126, 127, 134, 145, 147, 152, 154, 161, 162, 165, 168, 173, 202, 289, 319, 325, 327, 333, 334, 336, 340, 346, 357, 387, 468, 489, 491, 496, 525, 528, 565, 571, 572, 583, 584, 606, 607, 618, 619, 622, 623, 626, 660, 684, 706, 724, 743, 768, 769, 774, 781, 1328, 1329, 1432, 1451], "summary": {"covered_lines": 102, "num_statements": 103, "percent_covered": 99.02912621359224, "percent_covered_display": "99", "missing_lines": 1, "excluded_lines": 0, "percent_statements_covered": 99.02912621359224, "percent_statements_covered_display": "99"}, "missing_lines": [1452], "excluded_lines": [], "start_line": 1}}, "classes": {"OpenClawBot": {"executed_lines": [169, 170, 171], "summary": {"covered_lines": 3, "num_statements": 98, "percent_covered": 3.061224489795918, "percent_covered_display": "3", "missing_lines": 95, "excluded_lines": 0, "percent_statements_covered": 3.061224489795918, "percent_statements_covered_display": "3"}, "missing_lines": [175, 176, 177, 178, 179, 180, 181, 182, 183, 184, 185, 186, 187, 189, 190, 191, 192, 193, 195, 196, 199, 200, 203, 204, 206, 208, 209, 210, 213, 214, 215, 219, 220, 221, 225, 228, 229, 230, 231, 232, 233, 234, 235, 236, 237, 238, 239, 240, 245, 246, 247, 248, 249, 251, 254, 255, 258, 259, 260, 261, 262, 263, 265, 266, 274, 275, 276, 277, 278, 279, 280, 281, 285, 286, 287, 291, 292, 293, 294, 295, 296, 297, 298, 299, 300, 301, 303, 309, 310, 311, 312, 313, 314, 315, 316], "excluded_lines": [], "start_line": 165}, "ResponseActions": {"executed_lines": [], "summary": {"covered_lines": 0, "num_statements": 81, "percent_covered": 0.0, "percent_covered_display": "0", "missing_lines": 81, "excluded_lines": 0, "percent_statements_covered": 0.0, "percent_statements_covered_display": "0"}, "missing_lines": [539, 540, 541, 542, 543, 544, 546, 547, 553, 554, 556, 562, 563, 566, 567, 568, 569, 573, 574, 575, 576, 579, 580, 581, 585, 586, 591, 592, 593, 594, 599, 600, 601, 602, 603, 604, 608, 609, 610, 614, 615, 616, 620, 624, 627, 628, 629, 634, 635, 640, 641, 645, 646, 647, 655, 656, 657, 658, 661, 662, 663, 668, 669, 674, 675, 679, 680, 681, 682, 685, 686, 687, 688, 689, 695, 696, 697, 698, 699, 702, 703], "excluded_lines": [], "start_line": 525}, "": {"executed_lines": [10, 11, 12, 13, 14, 15, 16, 17, 18, 19, 20, 22, 23, 24, 25, 26, 27, 29, 30, 31, 32, 33, 39, 40, 41, 42, 43, 44, 45, 46, 52, 53, 54, 55, 61, 63, 64, 65, 66, 67, 68, 74, 75, 78, 110, 116, 118, 126, 127, 134, 136, 137, 138, 145, 147, 152, 154, 161, 162, 165, 168, 173, 202, 289, 319, 325, 327, 333, 334, 336, 340, 346, 348, 349, 350, 351, 352, 353, 354, 357, 359, 360, 361, 363, 364, 365, 366, 367, 368, 369, 370, 372, 373, 374, 375, 376, 377, 379, 380, 382, 384, 387, 389, 390, 391, 392, 394, 395, 396, 397, 398, 399, 400, 401, 402, 403, 404, 405, 406, 407, 408, 410, 412, 416, 417, 418, 419, 420, 421, 423, 425, 426, 427, 428, 429, 431, 432, 433, 434, 435, 436, 437, 438, 439, 440, 441, 443, 445, 446, 447, 448, 450, 451, 452, 453, 454, 456, 460, 462, 463, 465, 468, 470, 471, 473, 474, 475, 476, 477, 478, 479, 484, 485, 486, 489, 491, 496, 525, 528, 565, 571, 572, 583, 584, 606, 607, 618, 619, 622, 623, 626, 660, 684, 706, 724, 743, 768, 769, 774, 781, 1328, 1329, 1432, 1451], "summary": {"covered_lines": 204, "num_statements": 689, "percent_covered": 29.60812772133527, "percent_covered_display": "30", "missing_lines": 485, "excluded_lines": 0, "percent_statements_covered": 29.60812772133527, "percent_statements_covered_display": "30"}, "missing_lines": [81, 82, 83, 84, 85, 86, 87, 88, 89, 90, 91, 92, 94, 95, 96, 97, 98, 99, 100, 101, 103, 104, 105, 107, 413, 414, 457, 458, 459, 480, 481, 482, 498, 499, 500, 502, 503, 504, 506, 507, 509, 515, 517, 518, 708, 709, 710, 716, 717, 718, 719, 721, 728, 729, 730, 733, 734, 735, 736, 737, 738, 739, 740, 747, 748, 749, 752, 753, 754, 755, 758, 759, 760, 761, 762, 763, 764, 765, 789, 790, 794, 796, 797, 801, 803, 804, 807, 808, 810, 811, 813, 814, 816, 817, 818, 819, 820, 821, 822, 826, 827, 828, 830, 831, 832, 833, 834, 835, 836, 838, 839, 840, 841, 845, 849, 850, 851, 854, 855, 856, 857, 858, 859, 861, 864, 871, 872, 873, 874, 875, 876, 877, 878, 879, 880, 881, 882, 886, 888, 889, 892, 893, 894, 895, 896, 899, 900, 901, 902, 903, 904, 908, 909, 912, 913, 914, 915, 916, 917, 921, 923, 924, 925, 928, 929, 930, 931, 933, 935, 937, 938, 939, 940, 941, 942, 946, 947, 950, 951, 952, 953, 954, 955, 956, 960, 961, 964, 965, 966, 967, 968, 972, 973, 976, 977, 978, 979, 980, 982, 984, 985, 992, 994, 995, 996, 997, 998, 999, 1002, 1003, 1005, 1006, 1007, 1008, 1009, 1010, 1014, 1015, 1016, 1017, 1019, 1020, 1021, 1022, 1023, 1028, 1030, 1031, 1032, 1033, 1038, 1041, 1042, 1043, 1044, 1045, 1046, 1047, 1053, 1054, 1057, 1058, 1059, 1060, 1063, 1064, 1065, 1066, 1067, 1068, 1069, 1070, 1071, 1072, 1074, 1075, 1076, 1077, 1078, 1081, 1082, 1092, 1093, 1099, 1100, 1101, 1102, 1107, 1109, 1110, 1112, 1113, 1114, 1115, 1117, 1118, 1119, 1120, 1121, 1122, 1123, 1124, 1125, 1127, 1128, 1129, 1130, 1131, 1134, 1135, 1136, 1141, 1142, 1143, 1145, 1146, 1147, 1151, 1152, 1153, 1155, 1156, 1157, 1159, 1160, 1163, 1164, 1165, 1172, 1173, 1177, 1178, 1179, 1180, 1181, 1185, 1186, 1187, 1188, 1189, 1190, 1191, 1192, 1193, 1194, 1195, 1197, 1198, 1199, 1200, 1201, 1205, 1206, 1208, 1209, 1210, 1212, 1213, 1214, 1215, 1216, 1217, 1218, 1219, 1220, 1221, 1222, 1223, 1224, 1225, 1226, 1227, 1229, 1230, 1231, 1232, 1233, 1234, 1237, 1238, 1239, 1240, 1241, 1243, 1246, 1247, 1248, 1257, 1258, 1261, 1262, 1263, 1264, 1265, 1266, 1268, 1271, 1272, 1273, 1274, 1275, 1276, 1277, 1278, 1279, 1280, 1281, 1282, 1283, 1284, 1285, 1286, 1289, 1290, 1291, 1292, 1294, 1295, 1296, 1297, 1298, 1300, 1301, 1302, 1303, 1304, 1305, 1307, 1308, 1309, 1310, 1311, 1312, 1313, 1316, 1317, 1318, 1319, 1321, 1332, 1333, 1336, 1337, 1338, 1341, 1342, 1343, 1346, 1347, 1349, 1350, 1353, 1355, 1356, 1357, 1360, 1361, 1366, 1367, 1371, 1373, 1374, 1375, 1377, 1379, 1380, 1386, 1387, 1388, 1389, 1391, 1393, 1394, 1400, 1401, 1402, 1403, 1404, 1407, 1408, 1409, 1410, 1412, 1413, 1415, 1416, 1417, 1419, 1420, 1421, 1423, 1424, 1434, 1435, 1436, 1437, 1438, 1439, 1441, 1443, 1444, 1445, 1447, 1448, 1452], "excluded_lines": [], "start_line": 1}}}, "src/calendar_skills.py": {"executed_lines": [22, 23, 24, 26, 28, 29, 31, 33, 34, 35, 37, 38, 40, 43, 44, 45, 47, 48, 49, 52, 55, 64, 96, 113, 163, 232, 299, 324], "summary": {"covered_lines": 28, "num_statements": 161, "percent_covered": 17.391304347826086, "percent_covered_display": "17", "missing_lines": 133, "excluded_lines": 0, "percent_statements_covered": 17.391304347826086, "percent_statements_covered_display": "17"}, "missing_lines": [56, 67, 68, 70, 71, 72, 73, 74, 83, 84, 85, 86, 87, 88, 89, 90, 91, 92, 93, 98, 99, 100, 101, 102, 103, 104, 105, 115, 116, 118, 119, 120, 122, 123, 124, 125, 127, 134, 136, 137, 138, 143, 144, 145, 146, 147, 148, 150, 151, 152, 154, 155, 156, 157, 158, 160, 178, 179, 181, 182, 183, 186, 187, 188, 195, 202, 207, 208, 209, 214, 215, 216, 217, 218, 223, 224, 225, 226, 227, 228, 229, 234, 235, 237, 238, 239, 241, 242, 245, 248, 255, 257, 258, 259, 264, 265, 266, 267, 268, 269, 271, 272, 274, 275, 277, 278, 279, 280, 281, 282, 283, 284, 285, 286, 287, 289, 290, 292, 301, 302, 304, 305, 306, 308, 310, 311, 312, 316, 317, 318, 319, 320, 321], "excluded_lines": [], "functions": {"_not_configured": {"executed_lines": [], "summary": {"covered_lines": 0, "num_statements": 1, "percent_covered": 0.0, "percent_covered_display": "0", "missing_lines": 1, "excluded_lines": 0, "percent_statements_covered": 0.0, "percent_statements_covered_display": "0"}, "missing_lines": [56], "excluded_lines": [], "start_line": 55}, "_get_access_token": {"executed_lines": [], "summary": {"covered_lines": 0, "num_statements": 18, "percent_covered": 0.0, "percent_covered_display": "0", "missing_lines": 18, "excluded_lines": 0, "percent_statements_covered": 0.0, "percent_statements_covered_display": "0"}, "missing_lines": [67, 68, 70, 71, 72, 73, 74, 83, 84, 85, 86, 87, 88, 89, 90, 91, 92, 93], "excluded_lines": [], "start_line": 64}, "_fmt_event_time": {"executed_lines": [], "summary": {"covered_lines": 0, "num_statements": 8, "percent_covered": 0.0, "percent_covered_display": "0", "missing_lines": 8, "excluded_lines": 0, "percent_statements_covered": 0.0, "percent_statements_covered_display": "0"}, "missing_lines": [98, 99, 100, 101, 102, 103, 104, 105], "excluded_lines": [], "start_line": 96}, "get_upcoming_events": {"executed_lines": [], "summary": {"covered_lines": 0, "num_statements": 29, "percent_covered": 0.0, "percent_covered_display": "0", "missing_lines": 29, "excluded_lines": 0, "percent_statements_covered": 0.0, "percent_statements_covered_display": "0"}, "missing_lines": [115, 116, 118, 119, 120, 122, 123, 124, 125, 127, 134, 136, 137, 138, 143, 144, 145, 146, 147, 148, 150, 151, 152, 154, 155, 156, 157, 158, 160], "excluded_lines": [], "start_line": 113}, "create_calendar_event": {"executed_lines": [], "summary": {"covered_lines": 0, "num_statements": 25, "percent_covered": 0.0, "percent_covered_display": "0", "missing_lines": 25, "excluded_lines": 0, "percent_statements_covered": 0.0, "percent_statements_covered_display": "0"}, "missing_lines": [178, 179, 181, 182, 183, 186, 187, 188, 195, 202, 207, 208, 209, 214, 215, 216, 217, 218, 223, 224, 225, 226, 227, 228, 229], "excluded_lines": [], "start_line": 163}, "get_todays_events": {"executed_lines": [], "summary": {"covered_lines": 0, "num_statements": 37, "percent_covered": 0.0, "percent_covered_display": "0", "missing_lines": 37, "excluded_lines": 0, "percent_statements_covered": 0.0, "percent_statements_covered_display": "0"}, "missing_lines": [234, 235, 237, 238, 239, 241, 242, 245, 248, 255, 257, 258, 259, 264, 265, 266, 267, 268, 269, 271, 272, 274, 275, 277, 278, 279, 280, 281, 282, 283, 284, 285, 286, 287, 289, 290, 292], "excluded_lines": [], "start_line": 232}, "delete_calendar_event": {"executed_lines": [], "summary": {"covered_lines": 0, "num_statements": 15, "percent_covered": 0.0, "percent_covered_display": "0", "missing_lines": 15, "excluded_lines": 0, "percent_statements_covered": 0.0, "percent_statements_covered_display": "0"}, "missing_lines": [301, 302, 304, 305, 306, 308, 310, 311, 312, 316, 317, 318, 319, 320, 321], "excluded_lines": [], "start_line": 299}, "": {"executed_lines": [22, 23, 24, 26, 28, 29, 31, 33, 34, 35, 37, 38, 40, 43, 44, 45, 47, 48, 49, 52, 55, 64, 96, 113, 163, 232, 299, 324], "summary": {"covered_lines": 28, "num_statements": 28, "percent_covered": 100.0, "percent_covered_display": "100", "missing_lines": 0, "excluded_lines": 0, "percent_statements_covered": 100.0, "percent_statements_covered_display": "100"}, "missing_lines": [], "excluded_lines": [], "start_line": 1}}, "classes": {"": {"executed_lines": [22, 23, 24, 26, 28, 29, 31, 33, 34, 35, 37, 38, 40, 43, 44, 45, 47, 48, 49, 52, 55, 64, 96, 113, 163, 232, 299, 324], "summary": {"covered_lines": 28, "num_statements": 161, "percent_covered": 17.391304347826086, "percent_covered_display": "17", "missing_lines": 133, "excluded_lines": 0, "percent_statements_covered": 17.391304347826086, "percent_statements_covered_display": "17"}, "missing_lines": [56, 67, 68, 70, 71, 72, 73, 74, 83, 84, 85, 86, 87, 88, 89, 90, 91, 92, 93, 98, 99, 100, 101, 102, 103, 104, 105, 115, 116, 118, 119, 120, 122, 123, 124, 125, 127, 134, 136, 137, 138, 143, 144, 145, 146, 147, 148, 150, 151, 152, 154, 155, 156, 157, 158, 160, 178, 179, 181, 182, 183, 186, 187, 188, 195, 202, 207, 208, 209, 214, 215, 216, 217, 218, 223, 224, 225, 226, 227, 228, 229, 234, 235, 237, 238, 239, 241, 242, 245, 248, 255, 257, 258, 259, 264, 265, 266, 267, 268, 269, 271, 272, 274, 275, 277, 278, 279, 280, 281, 282, 283, 284, 285, 286, 287, 289, 290, 292, 301, 302, 304, 305, 306, 308, 310, 311, 312, 316, 317, 318, 319, 320, 321], "excluded_lines": [], "start_line": 1}}}, "src/code_sandbox.py": {"executed_lines": [13, 14, 15, 16, 17, 19, 21, 22, 23, 25, 28, 37, 38, 40, 41, 44, 47, 48, 49, 51, 52, 68, 75, 76, 81, 82, 84, 86, 89, 91, 93, 94, 99, 102, 110, 111], "summary": {"covered_lines": 36, "num_statements": 45, "percent_covered": 80.0, "percent_covered_display": "80", "missing_lines": 9, "excluded_lines": 0, "percent_statements_covered": 80.0, "percent_statements_covered_display": "80"}, "missing_lines": [85, 87, 100, 101, 104, 105, 106, 112, 113], "excluded_lines": [], "functions": {"run_code": {"executed_lines": [37, 38, 40, 41, 44, 47, 48, 49, 51, 52, 68, 75, 76, 81, 82, 84, 86, 89, 91, 93, 94, 99, 102, 110, 111], "summary": {"covered_lines": 25, "num_statements": 34, "percent_covered": 73.52941176470588, "percent_covered_display": "74", "missing_lines": 9, "excluded_lines": 0, "percent_statements_covered": 73.52941176470588, "percent_statements_covered_display": "74"}, "missing_lines": [85, 87, 100, 101, 104, 105, 106, 112, 113], "excluded_lines": [], "start_line": 28}, "": {"executed_lines": [13, 14, 15, 16, 17, 19, 21, 22, 23, 25, 28], "summary": {"covered_lines": 11, "num_statements": 11, "percent_covered": 100.0, "percent_covered_display": "100", "missing_lines": 0, "excluded_lines": 0, "percent_statements_covered": 100.0, "percent_statements_covered_display": "100"}, "missing_lines": [], "excluded_lines": [], "start_line": 1}}, "classes": {"": {"executed_lines": [13, 14, 15, 16, 17, 19, 21, 22, 23, 25, 28, 37, 38, 40, 41, 44, 47, 48, 49, 51, 52, 68, 75, 76, 81, 82, 84, 86, 89, 91, 93, 94, 99, 102, 110, 111], "summary": {"covered_lines": 36, "num_statements": 45, "percent_covered": 80.0, "percent_covered_display": "80", "missing_lines": 9, "excluded_lines": 0, "percent_statements_covered": 80.0, "percent_statements_covered_display": "80"}, "missing_lines": [85, 87, 100, 101, 104, 105, 106, 112, 113], "excluded_lines": [], "start_line": 1}}}, "src/cog_helpers.py": {"executed_lines": [], "summary": {"covered_lines": 0, "num_statements": 29, "percent_covered": 0.0, "percent_covered_display": "0", "missing_lines": 29, "excluded_lines": 0, "percent_statements_covered": 0.0, "percent_statements_covered_display": "0"}, "missing_lines": [3, 5, 6, 9, 16, 17, 18, 21, 23, 26, 28, 29, 30, 33, 35, 36, 38, 39, 40, 41, 42, 43, 44, 45, 46, 47, 49, 50, 51], "excluded_lines": [], "functions": {"require_auth": {"executed_lines": [], "summary": {"covered_lines": 0, "num_statements": 2, "percent_covered": 0.0, "percent_covered_display": "0", "missing_lines": 2, "excluded_lines": 0, "percent_statements_covered": 0.0, "percent_statements_covered_display": "0"}, "missing_lines": [16, 23], "excluded_lines": [], "start_line": 9}, "require_auth.predicate": {"executed_lines": [], "summary": {"covered_lines": 0, "num_statements": 3, "percent_covered": 0.0, "percent_covered_display": "0", "missing_lines": 3, "excluded_lines": 0, "percent_statements_covered": 0.0, "percent_statements_covered_display": "0"}, "missing_lines": [17, 18, 21], "excluded_lines": [], "start_line": 16}, "truncate_for_embed": {"executed_lines": [], "summary": {"covered_lines": 0, "num_statements": 3, "percent_covered": 0.0, "percent_covered_display": "0", "missing_lines": 3, "excluded_lines": 0, "percent_statements_covered": 0.0, "percent_statements_covered_display": "0"}, "missing_lines": [28, 29, 30], "excluded_lines": [], "start_line": 26}, "split_response": {"executed_lines": [], "summary": {"covered_lines": 0, "num_statements": 15, "percent_covered": 0.0, "percent_covered_display": "0", "missing_lines": 15, "excluded_lines": 0, "percent_statements_covered": 0.0, "percent_statements_covered_display": "0"}, "missing_lines": [35, 36, 38, 39, 40, 41, 42, 43, 44, 45, 46, 47, 49, 50, 51], "excluded_lines": [], "start_line": 33}, "": {"executed_lines": [], "summary": {"covered_lines": 0, "num_statements": 6, "percent_covered": 0.0, "percent_covered_display": "0", "missing_lines": 6, "excluded_lines": 0, "percent_statements_covered": 0.0, "percent_statements_covered_display": "0"}, "missing_lines": [3, 5, 6, 9, 26, 33], "excluded_lines": [], "start_line": 1}}, "classes": {"": {"executed_lines": [], "summary": {"covered_lines": 0, "num_statements": 29, "percent_covered": 0.0, "percent_covered_display": "0", "missing_lines": 29, "excluded_lines": 0, "percent_statements_covered": 0.0, "percent_statements_covered_display": "0"}, "missing_lines": [3, 5, 6, 9, 16, 17, 18, 21, 23, 26, 28, 29, 30, 33, 35, 36, 38, 39, 40, 41, 42, 43, 44, 45, 46, 47, 49, 50, 51], "excluded_lines": [], "start_line": 1}}}, "src/cogs/__init__.py": {"executed_lines": [], "summary": {"covered_lines": 0, "num_statements": 0, "percent_covered": 100.0, "percent_covered_display": "100", "missing_lines": 0, "excluded_lines": 0, "percent_statements_covered": 100.0, "percent_statements_covered_display": "100"}, "missing_lines": [], "excluded_lines": [], "functions": {"": {"executed_lines": [], "summary": {"covered_lines": 0, "num_statements": 0, "percent_covered": 100.0, "percent_covered_display": "100", "missing_lines": 0, "excluded_lines": 0, "percent_statements_covered": 100.0, "percent_statements_covered_display": "100"}, "missing_lines": [], "excluded_lines": [], "start_line": 1}}, "classes": {"": {"executed_lines": [], "summary": {"covered_lines": 0, "num_statements": 0, "percent_covered": 100.0, "percent_covered_display": "100", "missing_lines": 0, "excluded_lines": 0, "percent_statements_covered": 100.0, "percent_statements_covered_display": "100"}, "missing_lines": [], "excluded_lines": [], "start_line": 1}}}, "src/cogs/analytics_cog.py": {"executed_lines": [], "summary": {"covered_lines": 0, "num_statements": 85, "percent_covered": 0.0, "percent_covered_display": "0", "missing_lines": 85, "excluded_lines": 0, "percent_statements_covered": 0.0, "percent_statements_covered_display": "0"}, "missing_lines": [6, 7, 8, 9, 10, 12, 13, 14, 16, 17, 19, 22, 25, 26, 28, 29, 30, 31, 33, 35, 36, 37, 38, 39, 41, 42, 47, 48, 49, 51, 52, 53, 54, 55, 56, 58, 59, 60, 62, 63, 65, 66, 67, 68, 69, 70, 71, 72, 73, 74, 75, 76, 78, 83, 84, 86, 87, 88, 89, 90, 91, 92, 94, 95, 96, 97, 98, 99, 101, 102, 103, 105, 106, 107, 111, 115, 118, 123, 127, 128, 129, 130, 131, 134, 135], "excluded_lines": [], "functions": {"AnalyticsCog.__init__": {"executed_lines": [], "summary": {"covered_lines": 0, "num_statements": 1, "percent_covered": 0.0, "percent_covered_display": "0", "missing_lines": 1, "excluded_lines": 0, "percent_statements_covered": 0.0, "percent_statements_covered_display": "0"}, "missing_lines": [26], "excluded_lines": [], "start_line": 25}, "AnalyticsCog.cog_command_error": {"executed_lines": [], "summary": {"covered_lines": 0, "num_statements": 4, "percent_covered": 0.0, "percent_covered_display": "0", "missing_lines": 4, "excluded_lines": 0, "percent_statements_covered": 0.0, "percent_statements_covered_display": "0"}, "missing_lines": [29, 30, 31, 33], "excluded_lines": [], "start_line": 28}, "AnalyticsCog.spending_cmd": {"executed_lines": [], "summary": {"covered_lines": 0, "num_statements": 7, "percent_covered": 0.0, "percent_covered_display": "0", "missing_lines": 7, "excluded_lines": 0, "percent_statements_covered": 0.0, "percent_statements_covered_display": "0"}, "missing_lines": [38, 39, 41, 42, 47, 48, 49], "excluded_lines": [], "start_line": 37}, "AnalyticsCog.auditlog_cmd": {"executed_lines": [], "summary": {"covered_lines": 0, "num_statements": 23, "percent_covered": 0.0, "percent_covered_display": "0", "missing_lines": 23, "excluded_lines": 0, "percent_statements_covered": 0.0, "percent_statements_covered_display": "0"}, "missing_lines": [54, 55, 56, 58, 59, 60, 62, 63, 65, 66, 67, 68, 69, 70, 71, 72, 73, 74, 75, 76, 78, 83, 84], "excluded_lines": [], "start_line": 53}, "AnalyticsCog.audit_summary_cmd": {"executed_lines": [], "summary": {"covered_lines": 0, "num_statements": 26, "percent_covered": 0.0, "percent_covered_display": "0", "missing_lines": 26, "excluded_lines": 0, "percent_statements_covered": 0.0, "percent_statements_covered_display": "0"}, "missing_lines": [88, 89, 90, 91, 92, 94, 95, 96, 97, 98, 99, 101, 102, 103, 105, 106, 107, 111, 115, 118, 123, 127, 128, 129, 130, 131], "excluded_lines": [], "start_line": 87}, "setup": {"executed_lines": [], "summary": {"covered_lines": 0, "num_statements": 1, "percent_covered": 0.0, "percent_covered_display": "0", "missing_lines": 1, "excluded_lines": 0, "percent_statements_covered": 0.0, "percent_statements_covered_display": "0"}, "missing_lines": [135], "excluded_lines": [], "start_line": 134}, "": {"executed_lines": [], "summary": {"covered_lines": 0, "num_statements": 23, "percent_covered": 0.0, "percent_covered_display": "0", "missing_lines": 23, "excluded_lines": 0, "percent_statements_covered": 0.0, "percent_statements_covered_display": "0"}, "missing_lines": [6, 7, 8, 9, 10, 12, 13, 14, 16, 17, 19, 22, 25, 28, 35, 36, 37, 51, 52, 53, 86, 87, 134], "excluded_lines": [], "start_line": 1}}, "classes": {"AnalyticsCog": {"executed_lines": [], "summary": {"covered_lines": 0, "num_statements": 61, "percent_covered": 0.0, "percent_covered_display": "0", "missing_lines": 61, "excluded_lines": 0, "percent_statements_covered": 0.0, "percent_statements_covered_display": "0"}, "missing_lines": [26, 29, 30, 31, 33, 38, 39, 41, 42, 47, 48, 49, 54, 55, 56, 58, 59, 60, 62, 63, 65, 66, 67, 68, 69, 70, 71, 72, 73, 74, 75, 76, 78, 83, 84, 88, 89, 90, 91, 92, 94, 95, 96, 97, 98, 99, 101, 102, 103, 105, 106, 107, 111, 115, 118, 123, 127, 128, 129, 130, 131], "excluded_lines": [], "start_line": 22}, "": {"executed_lines": [], "summary": {"covered_lines": 0, "num_statements": 24, "percent_covered": 0.0, "percent_covered_display": "0", "missing_lines": 24, "excluded_lines": 0, "percent_statements_covered": 0.0, "percent_statements_covered_display": "0"}, "missing_lines": [6, 7, 8, 9, 10, 12, 13, 14, 16, 17, 19, 22, 25, 28, 35, 36, 37, 51, 52, 53, 86, 87, 134, 135], "excluded_lines": [], "start_line": 1}}}, "src/cogs/calendar_cog.py": {"executed_lines": [], "summary": {"covered_lines": 0, "num_statements": 85, "percent_covered": 0.0, "percent_covered_display": "0", "missing_lines": 85, "excluded_lines": 0, "percent_statements_covered": 0.0, "percent_statements_covered_display": "0"}, "missing_lines": [11, 12, 14, 15, 16, 18, 20, 23, 24, 25, 27, 31, 32, 33, 34, 35, 37, 38, 43, 44, 45, 46, 50, 51, 52, 57, 58, 59, 61, 62, 67, 68, 69, 70, 74, 75, 81, 82, 90, 91, 92, 94, 98, 99, 102, 103, 104, 105, 106, 107, 108, 109, 110, 111, 112, 114, 115, 117, 118, 120, 121, 124, 125, 126, 128, 134, 139, 140, 141, 142, 146, 147, 148, 149, 150, 151, 152, 154, 155, 160, 161, 162, 163, 166, 167], "excluded_lines": [], "functions": {"CalendarCog.__init__": {"executed_lines": [], "summary": {"covered_lines": 0, "num_statements": 1, "percent_covered": 0.0, "percent_covered_display": "0", "missing_lines": 1, "excluded_lines": 0, "percent_statements_covered": 0.0, "percent_statements_covered_display": "0"}, "missing_lines": [25], "excluded_lines": [], "start_line": 24}, "CalendarCog.calendar_today": {"executed_lines": [], "summary": {"covered_lines": 0, "num_statements": 9, "percent_covered": 0.0, "percent_covered_display": "0", "missing_lines": 9, "excluded_lines": 0, "percent_statements_covered": 0.0, "percent_statements_covered_display": "0"}, "missing_lines": [33, 34, 35, 37, 38, 43, 44, 45, 46], "excluded_lines": [], "start_line": 32}, "CalendarCog.calendar_upcoming": {"executed_lines": [], "summary": {"covered_lines": 0, "num_statements": 9, "percent_covered": 0.0, "percent_covered_display": "0", "missing_lines": 9, "excluded_lines": 0, "percent_statements_covered": 0.0, "percent_statements_covered_display": "0"}, "missing_lines": [57, 58, 59, 61, 62, 67, 68, 69, 70], "excluded_lines": [], "start_line": 52}, "CalendarCog.calendar_add": {"executed_lines": [], "summary": {"covered_lines": 0, "num_statements": 32, "percent_covered": 0.0, "percent_covered_display": "0", "missing_lines": 32, "excluded_lines": 0, "percent_statements_covered": 0.0, "percent_statements_covered_display": "0"}, "missing_lines": [90, 91, 92, 94, 98, 99, 102, 103, 104, 105, 106, 107, 108, 109, 110, 111, 112, 114, 115, 117, 118, 120, 121, 124, 125, 126, 128, 134, 139, 140, 141, 142], "excluded_lines": [], "start_line": 82}, "CalendarCog.calendar_delete": {"executed_lines": [], "summary": {"covered_lines": 0, "num_statements": 9, "percent_covered": 0.0, "percent_covered_display": "0", "missing_lines": 9, "excluded_lines": 0, "percent_statements_covered": 0.0, "percent_statements_covered_display": "0"}, "missing_lines": [150, 151, 152, 154, 155, 160, 161, 162, 163], "excluded_lines": [], "start_line": 149}, "setup": {"executed_lines": [], "summary": {"covered_lines": 0, "num_statements": 1, "percent_covered": 0.0, "percent_covered_display": "0", "missing_lines": 1, "excluded_lines": 0, "percent_statements_covered": 0.0, "percent_statements_covered_display": "0"}, "missing_lines": [167], "excluded_lines": [], "start_line": 166}, "": {"executed_lines": [], "summary": {"covered_lines": 0, "num_statements": 24, "percent_covered": 0.0, "percent_covered_display": "0", "missing_lines": 24, "excluded_lines": 0, "percent_statements_covered": 0.0, "percent_statements_covered_display": "0"}, "missing_lines": [11, 12, 14, 15, 16, 18, 20, 23, 24, 27, 31, 32, 50, 51, 52, 74, 75, 81, 82, 146, 147, 148, 149, 166], "excluded_lines": [], "start_line": 1}}, "classes": {"CalendarCog": {"executed_lines": [], "summary": {"covered_lines": 0, "num_statements": 60, "percent_covered": 0.0, "percent_covered_display": "0", "missing_lines": 60, "excluded_lines": 0, "percent_statements_covered": 0.0, "percent_statements_covered_display": "0"}, "missing_lines": [25, 33, 34, 35, 37, 38, 43, 44, 45, 46, 57, 58, 59, 61, 62, 67, 68, 69, 70, 90, 91, 92, 94, 98, 99, 102, 103, 104, 105, 106, 107, 108, 109, 110, 111, 112, 114, 115, 117, 118, 120, 121, 124, 125, 126, 128, 134, 139, 140, 141, 142, 150, 151, 152, 154, 155, 160, 161, 162, 163], "excluded_lines": [], "start_line": 23}, "": {"executed_lines": [], "summary": {"covered_lines": 0, "num_statements": 25, "percent_covered": 0.0, "percent_covered_display": "0", "missing_lines": 25, "excluded_lines": 0, "percent_statements_covered": 0.0, "percent_statements_covered_display": "0"}, "missing_lines": [11, 12, 14, 15, 16, 18, 20, 23, 24, 27, 31, 32, 50, 51, 52, 74, 75, 81, 82, 146, 147, 148, 149, 166, 167], "excluded_lines": [], "start_line": 1}}}, "src/cogs/context_cog.py": {"executed_lines": [], "summary": {"covered_lines": 0, "num_statements": 67, "percent_covered": 0.0, "percent_covered_display": "0", "missing_lines": 67, "excluded_lines": 0, "percent_statements_covered": 0.0, "percent_statements_covered_display": "0"}, "missing_lines": [6, 8, 9, 10, 12, 15, 18, 19, 21, 25, 29, 33, 34, 35, 37, 38, 39, 40, 42, 44, 45, 46, 48, 49, 50, 52, 53, 54, 58, 59, 64, 65, 66, 67, 68, 70, 72, 73, 74, 75, 76, 78, 79, 80, 81, 85, 86, 87, 89, 91, 92, 93, 95, 96, 97, 99, 100, 101, 105, 106, 111, 112, 113, 114, 115, 118, 119], "excluded_lines": [], "functions": {"ContextMenuCog.__init__": {"executed_lines": [], "summary": {"covered_lines": 0, "num_statements": 7, "pe
[...]
missing_lines": 165, "excluded_lines": 0, "percent_statements_covered": 33.46774193548387, "percent_statements_covered_display": "33"}, "missing_lines": [59, 60, 61, 62, 67, 71, 72, 73, 74, 75, 76, 96, 97, 98, 99, 106, 110, 111, 112, 113, 114, 115, 135, 144, 152, 171, 179, 180, 181, 185, 186, 187, 192, 193, 196, 197, 198, 201, 202, 204, 205, 207, 208, 209, 211, 212, 213, 214, 215, 216, 224, 227, 228, 229, 232, 233, 235, 273, 274, 275, 285, 286, 287, 289, 290, 291, 300, 301, 303, 304, 305, 306, 307, 308, 309, 310, 311, 312, 313, 314, 315, 317, 318, 319, 320, 321, 334, 336, 337, 338, 339, 341, 342, 349, 350, 352, 353, 354, 355, 356, 357, 358, 359, 364, 366, 367, 372, 373, 375, 376, 377, 378, 379, 380, 381, 382, 383, 384, 385, 386, 387, 388, 389, 391, 392, 403, 404, 405, 406, 407, 408, 409, 411, 412, 450, 451, 458, 459, 462, 463, 464, 465, 467, 468, 469, 471, 477, 484, 515, 516, 517, 519, 520, 521, 522, 523, 524, 526, 544, 545, 546, 547, 548, 549, 551], "excluded_lines": [], "functions": {"_get_embedding_function": {"executed_lines": [56, 57], "summary": {"covered_lines": 2, "num_statements": 13, "percent_covered": 15.384615384615385, "percent_covered_display": "15", "missing_lines": 11, "excluded_lines": 0, "percent_statements_covered": 15.384615384615385, "percent_statements_covered_display": "15"}, "missing_lines": [59, 60, 61, 62, 67, 71, 72, 73, 74, 75, 76], "excluded_lines": [], "start_line": 46}, "_get_client": {"executed_lines": [93, 94], "summary": {"covered_lines": 2, "num_statements": 6, "percent_covered": 33.333333333333336, "percent_covered_display": "33", "missing_lines": 4, "excluded_lines": 0, "percent_statements_covered": 33.333333333333336, "percent_statements_covered_display": "33"}, "missing_lines": [96, 97, 98, 99], "excluded_lines": [], "start_line": 90}, "_get_collection": {"executed_lines": [104, 105], "summary": {"covered_lines": 2, "num_statements": 9, "percent_covered": 22.22222222222222, "percent_covered_display": "22", "missing_lines": 7, "excluded_lines": 0, "percent_statements_covered": 22.22222222222222, "percent_statements_covered_display": "22"}, "missing_lines": [106, 110, 111, 112, 113, 114, 115], "excluded_lines": [], "start_line": 102}, "add_document": {"executed_lines": [134, 137, 138, 139, 140, 142, 150, 151], "summary": {"covered_lines": 8, "num_statements": 10, "percent_covered": 80.0, "percent_covered_display": "80", "missing_lines": 2, "excluded_lines": 0, "percent_statements_covered": 80.0, "percent_statements_covered_display": "80"}, "missing_lines": [135, 152], "excluded_lines": [], "start_line": 123}, "add_document._upsert": {"executed_lines": [143], "summary": {"covered_lines": 1, "num_statements": 2, "percent_covered": 50.0, "percent_covered_display": "50", "missing_lines": 1, "excluded_lines": 0, "percent_statements_covered": 50.0, "percent_statements_covered_display": "50"}, "missing_lines": [144], "excluded_lines": [], "start_line": 142}, "search": {"executed_lines": [170, 173, 175, 177, 189, 190], "summary": {"covered_lines": 6, "num_statements": 32, "percent_covered": 18.75, "percent_covered_display": "19", "missing_lines": 26, "excluded_lines": 0, "percent_statements_covered": 18.75, "percent_statements_covered_display": "19"}, "missing_lines": [171, 192, 193, 196, 197, 198, 201, 202, 204, 205, 207, 208, 209, 211, 212, 213, 214, 215, 216, 224, 227, 228, 229, 232, 233, 235], "excluded_lines": [], "start_line": 155}, "search._query": {"executed_lines": [178], "summary": {"covered_lines": 1, "num_statements": 7, "percent_covered": 14.285714285714286, "percent_covered_display": "14", "missing_lines": 6, "excluded_lines": 0, "percent_statements_covered": 14.285714285714286, "percent_statements_covered_display": "14"}, "missing_lines": [179, 180, 181, 185, 186, 187], "excluded_lines": [], "start_line": 177}, "search_safe": {"executed_lines": [245, 246, 247, 248, 249], "summary": {"covered_lines": 5, "num_statements": 5, "percent_covered": 100.0, "percent_covered_display": "100", "missing_lines": 0, "excluded_lines": 0, "percent_statements_covered": 100.0, "percent_statements_covered_display": "100"}, "missing_lines": [], "excluded_lines": [], "start_line": 238}, "search_all": {"executed_lines": [261, 262, 266, 268, 269, 270, 271, 272, 278, 279], "summary": {"covered_lines": 10, "num_statements": 13, "percent_covered": 76.92307692307692, "percent_covered_display": "77", "missing_lines": 3, "excluded_lines": 0, "percent_statements_covered": 76.92307692307692, "percent_statements_covered_display": "77"}, "missing_lines": [273, 274, 275], "excluded_lines": [], "start_line": 252}, "delete_document": {"executed_lines": [], "summary": {"covered_lines": 0, "num_statements": 4, "percent_covered": 0.0, "percent_covered_display": "0", "missing_lines": 4, "excluded_lines": 0, "percent_statements_covered": 0.0, "percent_statements_covered_display": "0"}, "missing_lines": [285, 289, 290, 291], "excluded_lines": [], "start_line": 282}, "delete_document._delete": {"executed_lines": [], "summary": {"covered_lines": 0, "num_statements": 2, "percent_covered": 0.0, "percent_covered_display": "0", "missing_lines": 2, "excluded_lines": 0, "percent_statements_covered": 0.0, "percent_statements_covered_display": "0"}, "missing_lines": [286, 287], "excluded_lines": [], "start_line": 285}, "bump_access": {"executed_lines": [], "summary": {"covered_lines": 0, "num_statements": 8, "percent_covered": 0.0, "percent_covered_display": "0", "missing_lines": 8, "excluded_lines": 0, "percent_statements_covered": 0.0, "percent_statements_covered_display": "0"}, "missing_lines": [300, 301, 303, 317, 318, 319, 320, 321], "excluded_lines": [], "start_line": 294}, "bump_access._bump": {"executed_lines": [], "summary": {"covered_lines": 0, "num_statements": 12, "percent_covered": 0.0, "percent_covered_display": "0", "missing_lines": 12, "excluded_lines": 0, "percent_statements_covered": 0.0, "percent_statements_covered_display": "0"}, "missing_lines": [304, 305, 306, 307, 308, 309, 310, 311, 312, 313, 314, 315], "excluded_lines": [], "start_line": 303}, "get_decayed_documents": {"executed_lines": [], "summary": {"covered_lines": 0, "num_statements": 4, "percent_covered": 0.0, "percent_covered_display": "0", "missing_lines": 4, "excluded_lines": 0, "percent_statements_covered": 0.0, "percent_statements_covered_display": "0"}, "missing_lines": [334, 336, 366, 367], "excluded_lines": [], "start_line": 324}, "get_decayed_documents._scan": {"executed_lines": [], "summary": {"covered_lines": 0, "num_statements": 16, "percent_covered": 0.0, "percent_covered_display": "0", "missing_lines": 16, "excluded_lines": 0, "percent_statements_covered": 0.0, "percent_statements_covered_display": "0"}, "missing_lines": [337, 338, 339, 341, 342, 349, 350, 352, 353, 354, 355, 356, 357, 358, 359, 364], "excluded_lines": [], "start_line": 336}, "mark_decayed": {"executed_lines": [], "summary": {"covered_lines": 0, "num_statements": 5, "percent_covered": 0.0, "percent_covered_display": "0", "missing_lines": 5, "excluded_lines": 0, "percent_statements_covered": 0.0, "percent_statements_covered_display": "0"}, "missing_lines": [372, 373, 375, 391, 392], "excluded_lines": [], "start_line": 370}, "mark_decayed._mark": {"executed_lines": [], "summary": {"covered_lines": 0, "num_statements": 14, "percent_covered": 0.0, "percent_covered_display": "0", "missing_lines": 14, "excluded_lines": 0, "percent_statements_covered": 0.0, "percent_statements_covered_display": "0"}, "missing_lines": [376, 377, 378, 379, 380, 381, 382, 383, 384, 385, 386, 387, 388, 389], "excluded_lines": [], "start_line": 375}, "get_stats": {"executed_lines": [], "summary": {"covered_lines": 0, "num_statements": 3, "percent_covered": 0.0, "percent_covered_display": "0", "missing_lines": 3, "excluded_lines": 0, "percent_statements_covered": 0.0, "percent_statements_covered_display": "0"}, "missing_lines": [403, 411, 412], "excluded_lines": [], "start_line": 400}, "get_stats._stats": {"executed_lines": [], "summary": {"covered_lines": 0, "num_statements": 6, "percent_covered": 0.0, "percent_covered_display": "0", "missing_lines": 6, "excluded_lines": 0, "percent_statements_covered": 0.0, "percent_statements_covered_display": "0"}, "missing_lines": [404, 405, 406, 407, 408, 409], "excluded_lines": [], "start_line": 403}, "add_memory": {"executed_lines": [428], "summary": {"covered_lines": 1, "num_statements": 1, "percent_covered": 100.0, "percent_covered_display": "100", "missing_lines": 0, "excluded_lines": 0, "percent_statements_covered": 100.0, "percent_statements_covered_display": "100"}, "missing_lines": [], "excluded_lines": [], "start_line": 420}, "add_memory_deduped": {"executed_lines": [], "summary": {"covered_lines": 0, "num_statements": 13, "percent_covered": 0.0, "percent_covered_display": "0", "missing_lines": 13, "excluded_lines": 0, "percent_statements_covered": 0.0, "percent_statements_covered_display": "0"}, "missing_lines": [450, 451, 458, 459, 462, 463, 464, 465, 467, 468, 469, 471, 477], "excluded_lines": [], "start_line": 441}, "add_conversation_summary": {"executed_lines": [], "summary": {"covered_lines": 0, "num_statements": 1, "percent_covered": 0.0, "percent_covered_display": "0", "missing_lines": 1, "excluded_lines": 0, "percent_statements_covered": 0.0, "percent_statements_covered_display": "0"}, "missing_lines": [484], "excluded_lines": [], "start_line": 480}, "add_research_report": {"executed_lines": [500, 501], "summary": {"covered_lines": 2, "num_statements": 2, "percent_covered": 100.0, "percent_covered_display": "100", "missing_lines": 0, "excluded_lines": 0, "percent_statements_covered": 100.0, "percent_statements_covered_display": "100"}, "missing_lines": [], "excluded_lines": [], "start_line": 496}, "recall": {"executed_lines": [], "summary": {"covered_lines": 0, "num_statements": 10, "percent_covered": 0.0, "percent_covered_display": "0", "missing_lines": 10, "excluded_lines": 0, "percent_statements_covered": 0.0, "percent_statements_covered_display": "0"}, "missing_lines": [515, 516, 517, 519, 520, 521, 522, 523, 524, 526], "excluded_lines": [], "start_line": 513}, "recall_for_context": {"executed_lines": [536, 538, 540, 541, 542], "summary": {"covered_lines": 5, "num_statements": 12, "percent_covered": 41.666666666666664, "percent_covered_display": "42", "missing_lines": 7, "excluded_lines": 0, "percent_statements_covered": 41.666666666666664, "percent_statements_covered_display": "42"}, "missing_lines": [544, 545, 546, 547, 548, 549, 551], "excluded_lines": [], "start_line": 529}, "": {"executed_lines": [15, 16, 17, 18, 19, 20, 22, 28, 29, 30, 33, 34, 35, 40, 41, 43, 46, 79, 85, 86, 87, 90, 102, 123, 155, 238, 252, 282, 294, 324, 370, 400, 420, 441, 480, 496, 513, 529], "summary": {"covered_lines": 38, "num_statements": 38, "percent_covered": 100.0, "percent_covered_display": "100", "missing_lines": 0, "excluded_lines": 0, "percent_statements_covered": 100.0, "percent_statements_covered_display": "100"}, "missing_lines": [], "excluded_lines": [], "start_line": 1}}, "classes": {"": {"executed_lines": [15, 16, 17, 18, 19, 20, 22, 28, 29, 30, 33, 34, 35, 40, 41, 43, 46, 56, 57, 79, 85, 86, 87, 90, 93, 94, 102, 104, 105, 123, 134, 137, 138, 139, 140, 142, 143, 150, 151, 155, 170, 173, 175, 177, 178, 189, 190, 238, 245, 246, 247, 248, 249, 252, 261, 262, 266, 268, 269, 270, 271, 272, 278, 279, 282, 294, 324, 370, 400, 420, 428, 441, 480, 496, 500, 501, 513, 529, 536, 538, 540, 541, 542], "summary": {"covered_lines": 83, "num_statements": 248, "percent_covered": 33.46774193548387, "percent_covered_display": "33", "missing_lines": 165, "excluded_lines": 0, "percent_statements_covered": 33.46774193548387, "percent_statements_covered_display": "33"}, "missing_lines": [59, 60, 61, 62, 67, 71, 72, 73, 74, 75, 76, 96, 97, 98, 99, 106, 110, 111, 112, 113, 114, 115, 135, 144, 152, 171, 179, 180, 181, 185, 186, 187, 192, 193, 196, 197, 198, 201, 202, 204, 205, 207, 208, 209, 211, 212, 213, 214, 215, 216, 224, 227, 228, 229, 232, 233, 235, 273, 274, 275, 285, 286, 287, 289, 290, 291, 300, 301, 303, 304, 305, 306, 307, 308, 309, 310, 311, 312, 313, 314, 315, 317, 318, 319, 320, 321, 334, 336, 337, 338, 339, 341, 342, 349, 350, 352, 353, 354, 355, 356, 357, 358, 359, 364, 366, 367, 372, 373, 375, 376, 377, 378, 379, 380, 381, 382, 383, 384, 385, 386, 387, 388, 389, 391, 392, 403, 404, 405, 406, 407, 408, 409, 411, 412, 450, 451, 458, 459, 462, 463, 464, 465, 467, 468, 469, 471, 477, 484, 515, 516, 517, 519, 520, 521, 522, 523, 524, 526, 544, 545, 546, 547, 548, 549, 551], "excluded_lines": [], "start_line": 1}}}, "src/webhook_formatter.py": {"executed_lines": [3, 6, 8, 9, 10, 11, 14, 15, 16, 17, 22, 23, 24, 30, 31, 32, 35, 38, 39, 40, 41, 42, 44, 45, 46, 48, 49, 52, 57, 58, 59, 60, 61, 62, 63, 64, 65, 66, 67, 68, 69, 70, 73, 78, 79, 80, 81, 82, 83, 84, 85, 86, 87, 88, 89, 92, 97, 128, 144, 146, 147, 148, 149, 151, 152, 153, 154, 157], "summary": {"covered_lines": 68, "num_statements": 101, "percent_covered": 67.32673267326733, "percent_covered_display": "67", "missing_lines": 33, "excluded_lines": 0, "percent_statements_covered": 67.32673267326733, "percent_statements_covered_display": "67"}, "missing_lines": [12, 36, 43, 94, 102, 103, 104, 105, 106, 108, 109, 110, 111, 112, 114, 115, 116, 119, 120, 122, 123, 124, 125, 130, 131, 133, 134, 135, 136, 138, 139, 140, 141], "excluded_lines": [], "functions": {"format_arr": {"executed_lines": [8, 9, 10, 11, 14, 15, 16, 17, 22, 23, 24, 30, 31, 32, 35, 38, 39, 40, 41, 42, 44, 45, 46, 48, 49], "summary": {"covered_lines": 25, "num_statements": 28, "percent_covered": 89.28571428571429, "percent_covered_display": "89", "missing_lines": 3, "excluded_lines": 0, "percent_statements_covered": 89.28571428571429, "percent_statements_covered_display": "89"}, "missing_lines": [12, 36, 43], "excluded_lines": [], "start_line": 6}, "format_sonarr": {"executed_lines": [57, 58, 59, 60, 61, 62, 63, 64, 65, 66, 67, 68, 69, 70], "summary": {"covered_lines": 14, "num_statements": 14, "percent_covered": 100.0, "percent_covered_display": "100", "missing_lines": 0, "excluded_lines": 0, "percent_statements_covered": 100.0, "percent_statements_covered_display": "100"}, "missing_lines": [], "excluded_lines": [], "start_line": 52}, "format_radarr": {"executed_lines": [78, 79, 80, 81, 82, 83, 84, 85, 86, 87, 88, 89], "summary": {"covered_lines": 12, "num_statements": 12, "percent_covered": 100.0, "percent_covered_display": "100", "missing_lines": 0, "excluded_lines": 0, "percent_statements_covered": 100.0, "percent_statements_covered_display": "100"}, "missing_lines": [], "excluded_lines": [], "start_line": 73}, "format_lidarr": {"executed_lines": [], "summary": {"covered_lines": 0, "num_statements": 1, "percent_covered": 0.0, "percent_covered_display": "0", "missing_lines": 1, "excluded_lines": 0, "percent_statements_covered": 0.0, "percent_statements_covered_display": "0"}, "missing_lines": [94], "excluded_lines": [], "start_line": 92}, "format_plex": {"executed_lines": [], "summary": {"covered_lines": 0, "num_statements": 19, "percent_covered": 0.0, "percent_covered_display": "0", "missing_lines": 19, "excluded_lines": 0, "percent_statements_covered": 0.0, "percent_statements_covered_display": "0"}, "missing_lines": [102, 103, 104, 105, 106, 108, 109, 110, 111, 112, 114, 115, 116, 119, 120, 122, 123, 124, 125], "excluded_lines": [], "start_line": 97}, "format_qbittorrent": {"executed_lines": [], "summary": {"covered_lines": 0, "num_statements": 10, "percent_covered": 0.0, "percent_covered_display": "0", "missing_lines": 10, "excluded_lines": 0, "percent_statements_covered": 0.0, "percent_statements_covered_display": "0"}, "missing_lines": [130, 131, 133, 134, 135, 136, 138, 139, 140, 141], "excluded_lines": [], "start_line": 128}, "format_generic": {"executed_lines": [146, 147, 148, 149, 151, 152, 153, 154], "summary": {"covered_lines": 8, "num_statements": 8, "percent_covered": 100.0, "percent_covered_display": "100", "missing_lines": 0, "excluded_lines": 0, "percent_statements_covered": 100.0, "percent_statements_covered_display": "100"}, "missing_lines": [], "excluded_lines": [], "start_line": 144}, "": {"executed_lines": [3, 6, 52, 73, 92, 97, 128, 144, 157], "summary": {"covered_lines": 9, "num_statements": 9, "percent_covered": 100.0, "percent_covered_display": "100", "missing_lines": 0, "excluded_lines": 0, "percent_statements_covered": 100.0, "percent_statements_covered_display": "100"}, "missing_lines": [], "excluded_lines": [], "start_line": 1}}, "classes": {"": {"executed_lines": [3, 6, 8, 9, 10, 11, 14, 15, 16, 17, 22, 23, 24, 30, 31, 32, 35, 38, 39, 40, 41, 42, 44, 45, 46, 48, 49, 52, 57, 58, 59, 60, 61, 62, 63, 64, 65, 66, 67, 68, 69, 70, 73, 78, 79, 80, 81, 82, 83, 84, 85, 86, 87, 88, 89, 92, 97, 128, 144, 146, 147, 148, 149, 151, 152, 153, 154, 157], "summary": {"covered_lines": 68, "num_statements": 101, "percent_covered": 67.32673267326733, "percent_covered_display": "67", "missing_lines": 33, "excluded_lines": 0, "percent_statements_covered": 67.32673267326733, "percent_statements_covered_display": "67"}, "missing_lines": [12, 36, 43, 94, 102, 103, 104, 105, 106, 108, 109, 110, 111, 112, 114, 115, 116, 119, 120, 122, 123, 124, 125, 130, 131, 133, 134, 135, 136, 138, 139, 140, 141], "excluded_lines": [], "start_line": 1}}}, "src/worker_agent.py": {"executed_lines": [16, 17, 19, 21, 23, 34, 57, 69, 70, 72, 73, 75, 78, 79, 86, 87, 88, 91, 92, 93, 94, 95, 96, 97, 98, 99, 100, 101, 102, 106, 108, 109, 112, 114, 115, 118, 120, 121, 122, 123, 127, 133, 134, 167, 168, 177, 180, 181, 188], "summary": {"covered_lines": 49, "num_statements": 71, "percent_covered": 69.01408450704226, "percent_covered_display": "69", "missing_lines": 22, "excluded_lines": 0, "percent_statements_covered": 69.01408450704226, "percent_statements_covered_display": "69"}, "missing_lines": [124, 125, 136, 140, 145, 146, 148, 158, 159, 163, 164, 169, 170, 171, 172, 173, 174, 175, 178, 183, 184, 185], "excluded_lines": [], "functions": {"spawn_worker": {"executed_lines": [57, 69, 70, 72, 73, 75, 78, 79, 86, 87, 88, 91, 92, 93, 94, 95, 96, 97, 98, 99, 100, 101, 102, 106, 108, 109, 112, 114, 115, 118, 120, 121, 122, 123, 127, 133, 134, 167, 168, 177, 180, 181], "summary": {"covered_lines": 42, "num_statements": 64, "percent_covered": 65.625, "percent_covered_display": "66", "missing_lines": 22, "excluded_lines": 0, "percent_statements_covered": 65.625, "percent_statements_covered_display": "66"}, "missing_lines": [124, 125, 136, 140, 145, 146, 148, 158, 159, 163, 164, 169, 170, 171, 172, 173, 174, 175, 178, 183, 184, 185], "excluded_lines": [], "start_line": 34}, "": {"executed_lines": [16, 17, 19, 21, 23, 34, 188], "summary": {"covered_lines": 7, "num_statements": 7, "percent_covered": 100.0, "percent_covered_display": "100", "missing_lines": 0, "excluded_lines": 0, "percent_statements_covered": 100.0, "percent_statements_covered_display": "100"}, "missing_lines": [], "excluded_lines": [], "start_line": 1}}, "classes": {"": {"executed_lines": [16, 17, 19, 21, 23, 34, 57, 69, 70, 72, 73, 75, 78, 79, 86, 87, 88, 91, 92, 93, 94, 95, 96, 97, 98, 99, 100, 101, 102, 106, 108, 109, 112, 114, 115, 118, 120, 121, 122, 123, 127, 133, 134, 167, 168, 177, 180, 181, 188], "summary": {"covered_lines": 49, "num_statements": 71, "percent_covered": 69.01408450704226, "percent_covered_display": "69", "missing_lines": 22, "excluded_lines": 0, "percent_statements_covered": 69.01408450704226, "percent_statements_covered_display": "69"}, "missing_lines": [124, 125, 136, 140, 145, 146, 148, 158, 159, 163, 164, 169, 170, 171, 172, 173, 174, 175, 178, 183, 184, 185], "excluded_lines": [], "start_line": 1}}}}, "totals": {"covered_lines": 4530, "num_statements": 15414, "percent_covered": 29.388867263526663, "percent_covered_display": "29", "missing_lines": 10884, "excluded_lines": 4, "percent_statements_covered": 29.388867263526663, "percent_statements_covered_display": "29"}}